2018/09/20 15:45:29 [I]                                                                                                ！！当前运行模式为：[ 单机 ] 模式！！
2018/09/20 15:46:03 [E] Kafka:health check timeout: Head http://192.168.18.203:9200: dial tcp 192.168.18.203:9200: connectex: No connection could be made because the target machine actively refused it.: no Elasticsearch node available

2018/09/20 15:46:03 [I]  *     不使用代理IP

2018/09/20 15:46:03 [I]  *     执行任务总数(任务数[*自定义配置数])为 1 个

2018/09/20 15:46:03 [I]  *     采集引擎池容量为 1

2018/09/20 15:46:03 [I]  *     并发协程最多 20 个

2018/09/20 15:46:03 [I]  *     默认随机停顿 150~600 毫秒

2018/09/20 15:46:03 [P]  *                                                                                                 —— 开始抓取，请耐心等候 ——
2018/09/20 15:46:03 [I]  *********************************************************************************************************************************** 
2018/09/20 15:46:03 [D]  *     Start: http://www.baidu.com/s?ie=utf-8&nojc=1&wd=秋裤&rn=50&pn=0
2018/09/20 15:46:04 [I]  *     Success: http://www.baidu.com/s?ie=utf-8&nojc=1&wd=秋裤&rn=50&pn=0

2018/09/20 15:46:04 [D]  *     Start: http://www.baidu.com/s?ie=utf-8&nojc=1&wd=秋裤&rn=50&pn=50
2018/09/20 15:46:04 [D]  *     Start: http://www.baidu.com/s?ie=utf-8&nojc=1&wd=秋裤&rn=50&pn=100
2018/09/20 15:46:04 [I]  *     Success: http://www.baidu.com/s?ie=utf-8&nojc=1&wd=秋裤&rn=50&pn=50

2018/09/20 15:46:05 [I]  *     Success: http://www.baidu.com/s?ie=utf-8&nojc=1&wd=秋裤&rn=50&pn=100

2018/09/20 15:46:05 [I]  * 
2018/09/20 15:46:05 [P]  *     Fail  [数据输出：百度搜索 | KEYIN：秋裤 | 批次：1]   数据 150 条！ [ERROR]  elasticsearch链接失败: health check timeout: Head http://192.168.18.203:9200: dial tcp 192.168.18.203:9200: connectex: No connection could be made because the target machine actively refused it.: no Elasticsearch node available

2018/09/20 15:46:05 [I]  * 
2018/09/20 15:46:05 [P]  *     [任务小计：百度搜索 | KEYIN：秋裤]   共采集数据 150 条，用时 2.097s！

2018/09/20 15:46:05 [I]  * 
2018/09/20 15:46:05 [I]  *********************************************************************************************************************************** 
2018/09/20 15:46:05 [I]  * 
2018/09/20 15:46:05 [P]  *                            —— 本次合计采集【数据 150 条】， 实爬【成功 3 URL + 失败 0 URL = 合计 3 URL】，耗时【2.097s】 ——
2018/09/20 15:46:05 [I]  * 
2018/09/20 15:46:05 [I]  *********************************************************************************************************************************** 
2018/09/20 15:49:10 [I]  *     不使用代理IP

2018/09/20 15:49:10 [I]  *     执行任务总数(任务数[*自定义配置数])为 1 个

2018/09/20 15:49:10 [I]  *     采集引擎池容量为 1

2018/09/20 15:49:10 [I]  *     并发协程最多 20 个

2018/09/20 15:49:10 [I]  *     默认随机停顿 150~600 毫秒

2018/09/20 15:49:10 [P]  *                                                                                                 —— 开始抓取，请耐心等候 ——
2018/09/20 15:49:10 [I]  *********************************************************************************************************************************** 
2018/09/20 15:49:10 [D]  *     Start: http://www.baidu.com/s?ie=utf-8&nojc=1&wd=秋裤&rn=50&pn=0
2018/09/20 15:49:11 [I]  *     Success: http://www.baidu.com/s?ie=utf-8&nojc=1&wd=秋裤&rn=50&pn=0

2018/09/20 15:49:11 [D]  *     Start: http://www.baidu.com/s?ie=utf-8&nojc=1&wd=秋裤&rn=50&pn=50
2018/09/20 15:49:11 [D]  *     Start: http://www.baidu.com/s?ie=utf-8&nojc=1&wd=秋裤&rn=50&pn=100
2018/09/20 15:49:12 [I]  *     Success: http://www.baidu.com/s?ie=utf-8&nojc=1&wd=秋裤&rn=50&pn=50

2018/09/20 15:49:12 [I]  *     Success: http://www.baidu.com/s?ie=utf-8&nojc=1&wd=秋裤&rn=50&pn=100

2018/09/20 15:49:12 [I]  * 
2018/09/20 15:49:12 [P]  *     Fail  [数据输出：百度搜索 | KEYIN：秋裤 | 批次：1]   数据 150 条！ [ERROR]  elasticsearch链接失败: health check timeout: Head http://192.168.18.203:9200: dial tcp 192.168.18.203:9200: connectex: No connection could be made because the target machine actively refused it.: no Elasticsearch node available

2018/09/20 15:49:12 [I]  * 
2018/09/20 15:49:12 [P]  *     [任务小计：百度搜索 | KEYIN：秋裤]   共采集数据 150 条，用时 1.809s！

2018/09/20 15:49:12 [I]  * 
2018/09/20 15:49:12 [I]  *********************************************************************************************************************************** 
2018/09/20 15:49:12 [I]  * 
2018/09/20 15:49:12 [P]  *                            —— 本次合计采集【数据 150 条】， 实爬【成功 3 URL + 失败 0 URL = 合计 3 URL】，耗时【1.809s】 ——
2018/09/20 15:49:12 [I]  * 
2018/09/20 15:49:12 [I]  *********************************************************************************************************************************** 
2018/09/20 15:49:45 [I]                                                                                                ！！当前运行模式为：[ 单机 ] 模式！！
2018/09/20 15:50:02 [I]  *     不使用代理IP

2018/09/20 15:50:02 [I]  *     执行任务总数(任务数[*自定义配置数])为 1 个

2018/09/20 15:50:02 [I]  *     采集引擎池容量为 1

2018/09/20 15:50:02 [I]  *     并发协程最多 20 个

2018/09/20 15:50:02 [I]  *     默认随机停顿 150~600 毫秒

2018/09/20 15:50:02 [P]  *                                                                                                 —— 开始抓取，请耐心等候 ——
2018/09/20 15:50:02 [I]  *********************************************************************************************************************************** 
2018/09/20 15:50:02 [D]  *     Start: http://www.baidu.com/s?ie=utf-8&nojc=1&wd=秋裤&rn=50&pn=0
2018/09/20 15:50:03 [I]  *     Success: http://www.baidu.com/s?ie=utf-8&nojc=1&wd=秋裤&rn=50&pn=0

2018/09/20 15:50:03 [D]  *     Start: http://www.baidu.com/s?ie=utf-8&nojc=1&wd=秋裤&rn=50&pn=50
2018/09/20 15:50:03 [D]  *     Start: http://www.baidu.com/s?ie=utf-8&nojc=1&wd=秋裤&rn=50&pn=100
2018/09/20 15:50:03 [I]  *     Success: http://www.baidu.com/s?ie=utf-8&nojc=1&wd=秋裤&rn=50&pn=50

2018/09/20 15:50:04 [I]  *     Success: http://www.baidu.com/s?ie=utf-8&nojc=1&wd=秋裤&rn=50&pn=100

2018/09/20 15:50:15 [I]  * 
2018/09/20 15:50:15 [P]  *     [数据输出：百度搜索 | KEYIN：秋裤 | 批次：1]   数据 150 条！

2018/09/20 15:50:15 [I]  *     [添加成功记录]: 2 条

2018/09/20 15:50:15 [I]  * 
2018/09/20 15:50:15 [P]  *     [任务小计：百度搜索 | KEYIN：秋裤]   共采集数据 150 条，用时 12.673s！

2018/09/20 15:50:15 [I]  * 
2018/09/20 15:50:15 [I]  *********************************************************************************************************************************** 
2018/09/20 15:50:15 [I]  * 
2018/09/20 15:50:15 [P]  *                            —— 本次合计采集【数据 150 条】， 实爬【成功 3 URL + 失败 0 URL = 合计 3 URL】，耗时【12.673s】 ——
2018/09/20 15:50:15 [I]  * 
2018/09/20 15:50:15 [I]  *********************************************************************************************************************************** 
2018/09/20 16:53:38 [I]                                                                                                ！！当前运行模式为：[ 单机 ] 模式！！
2018/09/20 16:54:03 [I]  *     不使用代理IP

2018/09/20 16:54:03 [I]  *     执行任务总数(任务数[*自定义配置数])为 1 个

2018/09/20 16:54:03 [I]  *     采集引擎池容量为 1

2018/09/20 16:54:03 [I]  *     并发协程最多 20 个

2018/09/20 16:54:03 [I]  *     默认随机停顿 150~600 毫秒

2018/09/20 16:54:03 [P]  *                                                                                                 —— 开始抓取，请耐心等候 ——
2018/09/20 16:54:03 [I]  *********************************************************************************************************************************** 
2018/09/20 16:54:03 [D]  *     Start: http://search.jd.com/Search?keyword=iphone7plus&enc=utf-8&qrst=1&rt=1&stop=1&vt=2&bs=1&s=1&click=0&page=1
2018/09/20 16:54:03 [I]  *     Success: http://search.jd.com/Search?keyword=iphone7plus&enc=utf-8&qrst=1&rt=1&stop=1&vt=2&bs=1&s=1&click=0&page=1

2018/09/20 16:54:03 [D]  *     Start: http://search.jd.com/Search?keyword=iphone7plus&enc=utf-8&qrst=1&rt=1&stop=1&vt=2&bs=1&s=1&click=0&page=1
2018/09/20 16:54:03 [I]  *     Success: http://search.jd.com/Search?keyword=iphone7plus&enc=utf-8&qrst=1&rt=1&stop=1&vt=2&bs=1&s=1&click=0&page=1

2018/09/20 16:54:03 [D]  *     Start: http://search.jd.com/s_new.php?keyword=iphone7plus&enc=utf-8&qrst=1&rt=1&stop=1&vt=2&bs=1&s=31&scrolling=y&pos=30&page=2
2018/09/20 16:54:04 [D]  *     Start: http://search.jd.com/Search?keyword=iphone7plus&enc=utf-8&qrst=1&rt=1&stop=1&vt=2&bs=1&s=1&click=0&page=3
2018/09/20 16:54:04 [I]  *     Success: http://search.jd.com/s_new.php?keyword=iphone7plus&enc=utf-8&qrst=1&rt=1&stop=1&vt=2&bs=1&s=31&scrolling=y&pos=30&page=2

2018/09/20 16:54:04 [I]  *     Success: http://search.jd.com/Search?keyword=iphone7plus&enc=utf-8&qrst=1&rt=1&stop=1&vt=2&bs=1&s=1&click=0&page=3

2018/09/20 16:54:04 [D]  *     Start: http://search.jd.com/s_new.php?keyword=iphone7plus&enc=utf-8&qrst=1&rt=1&stop=1&vt=2&bs=1&s=31&scrolling=y&pos=30&page=4
2018/09/20 16:54:05 [I]  *     Success: http://search.jd.com/s_new.php?keyword=iphone7plus&enc=utf-8&qrst=1&rt=1&stop=1&vt=2&bs=1&s=31&scrolling=y&pos=30&page=4

2018/09/20 16:54:05 [D]  *     Start: http://search.jd.com/Search?keyword=iphone7plus&enc=utf-8&qrst=1&rt=1&stop=1&vt=2&bs=1&s=1&click=0&page=5
2018/09/20 16:54:05 [D]  *     Start: http://search.jd.com/s_new.php?keyword=iphone7plus&enc=utf-8&qrst=1&rt=1&stop=1&vt=2&bs=1&s=31&scrolling=y&pos=30&page=6
2018/09/20 16:54:05 [I]  *     Success: http://search.jd.com/Search?keyword=iphone7plus&enc=utf-8&qrst=1&rt=1&stop=1&vt=2&bs=1&s=1&click=0&page=5

2018/09/20 16:54:05 [D]  *     Start: http://search.jd.com/Search?keyword=iphone7plus&enc=utf-8&qrst=1&rt=1&stop=1&vt=2&bs=1&s=1&click=0&page=7
2018/09/20 16:54:06 [I]  *     Success: http://search.jd.com/s_new.php?keyword=iphone7plus&enc=utf-8&qrst=1&rt=1&stop=1&vt=2&bs=1&s=31&scrolling=y&pos=30&page=6

2018/09/20 16:54:06 [I]  *     Success: http://search.jd.com/Search?keyword=iphone7plus&enc=utf-8&qrst=1&rt=1&stop=1&vt=2&bs=1&s=1&click=0&page=7

2018/09/20 16:54:06 [D]  *     Start: http://search.jd.com/s_new.php?keyword=iphone7plus&enc=utf-8&qrst=1&rt=1&stop=1&vt=2&bs=1&s=31&scrolling=y&pos=30&page=8
2018/09/20 16:54:06 [D]  *     Start: http://search.jd.com/Search?keyword=iphone7plus&enc=utf-8&qrst=1&rt=1&stop=1&vt=2&bs=1&s=1&click=0&page=9
2018/09/20 16:54:06 [I]  *     Success: http://search.jd.com/s_new.php?keyword=iphone7plus&enc=utf-8&qrst=1&rt=1&stop=1&vt=2&bs=1&s=31&scrolling=y&pos=30&page=8

2018/09/20 16:54:06 [I]  *     Success: http://search.jd.com/Search?keyword=iphone7plus&enc=utf-8&qrst=1&rt=1&stop=1&vt=2&bs=1&s=1&click=0&page=9

2018/09/20 16:54:07 [D]  *     Start: http://search.jd.com/s_new.php?keyword=iphone7plus&enc=utf-8&qrst=1&rt=1&stop=1&vt=2&bs=1&s=31&scrolling=y&pos=30&page=10
2018/09/20 16:54:07 [D]  *     Start: http://search.jd.com/Search?keyword=iphone7plus&enc=utf-8&qrst=1&rt=1&stop=1&vt=2&bs=1&s=1&click=0&page=11
2018/09/20 16:54:07 [I]  *     Success: http://search.jd.com/s_new.php?keyword=iphone7plus&enc=utf-8&qrst=1&rt=1&stop=1&vt=2&bs=1&s=31&scrolling=y&pos=30&page=10

2018/09/20 16:54:08 [I]  *     Success: http://search.jd.com/Search?keyword=iphone7plus&enc=utf-8&qrst=1&rt=1&stop=1&vt=2&bs=1&s=1&click=0&page=11

2018/09/20 16:54:08 [D]  *     Start: http://search.jd.com/s_new.php?keyword=iphone7plus&enc=utf-8&qrst=1&rt=1&stop=1&vt=2&bs=1&s=31&scrolling=y&pos=30&page=12
2018/09/20 16:54:08 [I]  *     Success: http://search.jd.com/s_new.php?keyword=iphone7plus&enc=utf-8&qrst=1&rt=1&stop=1&vt=2&bs=1&s=31&scrolling=y&pos=30&page=12

2018/09/20 16:54:08 [D]  *     Start: http://search.jd.com/Search?keyword=iphone7plus&enc=utf-8&qrst=1&rt=1&stop=1&vt=2&bs=1&s=1&click=0&page=13
2018/09/20 16:54:08 [D]  *     Start: http://search.jd.com/s_new.php?keyword=iphone7plus&enc=utf-8&qrst=1&rt=1&stop=1&vt=2&bs=1&s=31&scrolling=y&pos=30&page=14
2018/09/20 16:54:09 [I]  *     Success: http://search.jd.com/Search?keyword=iphone7plus&enc=utf-8&qrst=1&rt=1&stop=1&vt=2&bs=1&s=1&click=0&page=13

2018/09/20 16:54:09 [I]  *     Success: http://search.jd.com/s_new.php?keyword=iphone7plus&enc=utf-8&qrst=1&rt=1&stop=1&vt=2&bs=1&s=31&scrolling=y&pos=30&page=14

2018/09/20 16:54:09 [D]  *     Start: http://search.jd.com/Search?keyword=iphone7plus&enc=utf-8&qrst=1&rt=1&stop=1&vt=2&bs=1&s=1&click=0&page=15
2018/09/20 16:54:09 [D]  *     Start: http://search.jd.com/s_new.php?keyword=iphone7plus&enc=utf-8&qrst=1&rt=1&stop=1&vt=2&bs=1&s=31&scrolling=y&pos=30&page=16
2018/09/20 16:54:09 [D]  *     Start: http://search.jd.com/Search?keyword=iphone7plus&enc=utf-8&qrst=1&rt=1&stop=1&vt=2&bs=1&s=1&click=0&page=17
2018/09/20 16:54:10 [I]  *     Success: http://search.jd.com/Search?keyword=iphone7plus&enc=utf-8&qrst=1&rt=1&stop=1&vt=2&bs=1&s=1&click=0&page=15

2018/09/20 16:54:10 [I]  *     Success: http://search.jd.com/s_new.php?keyword=iphone7plus&enc=utf-8&qrst=1&rt=1&stop=1&vt=2&bs=1&s=31&scrolling=y&pos=30&page=16

2018/09/20 16:54:10 [I]  *     Success: http://search.jd.com/Search?keyword=iphone7plus&enc=utf-8&qrst=1&rt=1&stop=1&vt=2&bs=1&s=1&click=0&page=17

2018/09/20 16:54:10 [D]  *     Start: http://search.jd.com/s_new.php?keyword=iphone7plus&enc=utf-8&qrst=1&rt=1&stop=1&vt=2&bs=1&s=31&scrolling=y&pos=30&page=18
2018/09/20 16:54:10 [I]  *     Success: http://search.jd.com/s_new.php?keyword=iphone7plus&enc=utf-8&qrst=1&rt=1&stop=1&vt=2&bs=1&s=31&scrolling=y&pos=30&page=18

2018/09/20 16:54:10 [D]  *     Start: http://search.jd.com/Search?keyword=iphone7plus&enc=utf-8&qrst=1&rt=1&stop=1&vt=2&bs=1&s=1&click=0&page=19
2018/09/20 16:54:11 [I]  *     Success: http://search.jd.com/Search?keyword=iphone7plus&enc=utf-8&qrst=1&rt=1&stop=1&vt=2&bs=1&s=1&click=0&page=19

2018/09/20 16:54:11 [D]  *     Start: http://search.jd.com/s_new.php?keyword=iphone7plus&enc=utf-8&qrst=1&rt=1&stop=1&vt=2&bs=1&s=31&scrolling=y&pos=30&page=20
2018/09/20 16:54:11 [I]  *     Success: http://search.jd.com/s_new.php?keyword=iphone7plus&enc=utf-8&qrst=1&rt=1&stop=1&vt=2&bs=1&s=31&scrolling=y&pos=30&page=20

2018/09/20 16:54:11 [D]  *     Start: http://search.jd.com/Search?keyword=iphone7plus&enc=utf-8&qrst=1&rt=1&stop=1&vt=2&bs=1&s=1&click=0&page=21
2018/09/20 16:54:11 [D]  *     Start: http://search.jd.com/s_new.php?keyword=iphone7plus&enc=utf-8&qrst=1&rt=1&stop=1&vt=2&bs=1&s=31&scrolling=y&pos=30&page=22
2018/09/20 16:54:11 [I]  *     Success: http://search.jd.com/Search?keyword=iphone7plus&enc=utf-8&qrst=1&rt=1&stop=1&vt=2&bs=1&s=1&click=0&page=21

2018/09/20 16:54:12 [D]  *     Start: http://search.jd.com/Search?keyword=iphone7plus&enc=utf-8&qrst=1&rt=1&stop=1&vt=2&bs=1&s=1&click=0&page=23
2018/09/20 16:54:12 [I]  *     Success: http://search.jd.com/s_new.php?keyword=iphone7plus&enc=utf-8&qrst=1&rt=1&stop=1&vt=2&bs=1&s=31&scrolling=y&pos=30&page=22

2018/09/20 16:54:12 [I]  *     Success: http://search.jd.com/Search?keyword=iphone7plus&enc=utf-8&qrst=1&rt=1&stop=1&vt=2&bs=1&s=1&click=0&page=23

2018/09/20 16:54:12 [D]  *     Start: http://search.jd.com/s_new.php?keyword=iphone7plus&enc=utf-8&qrst=1&rt=1&stop=1&vt=2&bs=1&s=31&scrolling=y&pos=30&page=24
2018/09/20 16:54:12 [I]  *     Success: http://search.jd.com/s_new.php?keyword=iphone7plus&enc=utf-8&qrst=1&rt=1&stop=1&vt=2&bs=1&s=31&scrolling=y&pos=30&page=24

2018/09/20 16:54:13 [D]  *     Start: http://search.jd.com/Search?keyword=iphone7plus&enc=utf-8&qrst=1&rt=1&stop=1&vt=2&bs=1&s=1&click=0&page=25
2018/09/20 16:54:13 [D]  *     Start: http://search.jd.com/s_new.php?keyword=iphone7plus&enc=utf-8&qrst=1&rt=1&stop=1&vt=2&bs=1&s=31&scrolling=y&pos=30&page=26
2018/09/20 16:54:13 [D]  *     Start: http://search.jd.com/Search?keyword=iphone7plus&enc=utf-8&qrst=1&rt=1&stop=1&vt=2&bs=1&s=1&click=0&page=27
2018/09/20 16:54:13 [I]  *     Success: http://search.jd.com/s_new.php?keyword=iphone7plus&enc=utf-8&qrst=1&rt=1&stop=1&vt=2&bs=1&s=31&scrolling=y&pos=30&page=26

2018/09/20 16:54:13 [I]  *     Success: http://search.jd.com/Search?keyword=iphone7plus&enc=utf-8&qrst=1&rt=1&stop=1&vt=2&bs=1&s=1&click=0&page=27

2018/09/20 16:54:14 [I]  *     Success: http://search.jd.com/Search?keyword=iphone7plus&enc=utf-8&qrst=1&rt=1&stop=1&vt=2&bs=1&s=1&click=0&page=25

2018/09/20 16:54:14 [D]  *     Start: http://search.jd.com/s_new.php?keyword=iphone7plus&enc=utf-8&qrst=1&rt=1&stop=1&vt=2&bs=1&s=31&scrolling=y&pos=30&page=28
2018/09/20 16:54:14 [D]  *     Start: http://search.jd.com/Search?keyword=iphone7plus&enc=utf-8&qrst=1&rt=1&stop=1&vt=2&bs=1&s=1&click=0&page=29
2018/09/20 16:54:14 [D]  *     Start: http://search.jd.com/s_new.php?keyword=iphone7plus&enc=utf-8&qrst=1&rt=1&stop=1&vt=2&bs=1&s=31&scrolling=y&pos=30&page=30
2018/09/20 16:54:14 [I]  *     Success: http://search.jd.com/s_new.php?keyword=iphone7plus&enc=utf-8&qrst=1&rt=1&stop=1&vt=2&bs=1&s=31&scrolling=y&pos=30&page=28

2018/09/20 16:54:15 [D]  *     Start: http://search.jd.com/Search?keyword=iphone7plus&enc=utf-8&qrst=1&rt=1&stop=1&vt=2&bs=1&s=1&click=0&page=31
2018/09/20 16:54:15 [I]  *     Success: http://search.jd.com/Search?keyword=iphone7plus&enc=utf-8&qrst=1&rt=1&stop=1&vt=2&bs=1&s=1&click=0&page=29

2018/09/20 16:54:15 [I]  *     Success: http://search.jd.com/s_new.php?keyword=iphone7plus&enc=utf-8&qrst=1&rt=1&stop=1&vt=2&bs=1&s=31&scrolling=y&pos=30&page=30

2018/09/20 16:54:15 [D]  *     Start: http://search.jd.com/s_new.php?keyword=iphone7plus&enc=utf-8&qrst=1&rt=1&stop=1&vt=2&bs=1&s=31&scrolling=y&pos=30&page=32
2018/09/20 16:54:15 [I]  *     Success: http://search.jd.com/Search?keyword=iphone7plus&enc=utf-8&qrst=1&rt=1&stop=1&vt=2&bs=1&s=1&click=0&page=31

2018/09/20 16:54:15 [I]  *     Success: http://search.jd.com/s_new.php?keyword=iphone7plus&enc=utf-8&qrst=1&rt=1&stop=1&vt=2&bs=1&s=31&scrolling=y&pos=30&page=32

2018/09/20 16:54:15 [D]  *     Start: http://search.jd.com/Search?keyword=iphone7plus&enc=utf-8&qrst=1&rt=1&stop=1&vt=2&bs=1&s=1&click=0&page=33
2018/09/20 16:54:16 [D]  *     Start: http://search.jd.com/s_new.php?keyword=iphone7plus&enc=utf-8&qrst=1&rt=1&stop=1&vt=2&bs=1&s=31&scrolling=y&pos=30&page=34
2018/09/20 16:54:16 [I]  *     Success: http://search.jd.com/Search?keyword=iphone7plus&enc=utf-8&qrst=1&rt=1&stop=1&vt=2&bs=1&s=1&click=0&page=33

2018/09/20 16:54:16 [D]  *     Start: http://search.jd.com/Search?keyword=iphone7plus&enc=utf-8&qrst=1&rt=1&stop=1&vt=2&bs=1&s=1&click=0&page=35
2018/09/20 16:54:16 [I]  *     Success: http://search.jd.com/s_new.php?keyword=iphone7plus&enc=utf-8&qrst=1&rt=1&stop=1&vt=2&bs=1&s=31&scrolling=y&pos=30&page=34

2018/09/20 16:54:16 [I]  *     Success: http://search.jd.com/Search?keyword=iphone7plus&enc=utf-8&qrst=1&rt=1&stop=1&vt=2&bs=1&s=1&click=0&page=35

2018/09/20 16:54:16 [D]  *     Start: http://search.jd.com/s_new.php?keyword=iphone7plus&enc=utf-8&qrst=1&rt=1&stop=1&vt=2&bs=1&s=31&scrolling=y&pos=30&page=36
2018/09/20 16:54:17 [I]  *     Success: http://search.jd.com/s_new.php?keyword=iphone7plus&enc=utf-8&qrst=1&rt=1&stop=1&vt=2&bs=1&s=31&scrolling=y&pos=30&page=36

2018/09/20 16:54:17 [D]  *     Start: http://search.jd.com/Search?keyword=iphone7plus&enc=utf-8&qrst=1&rt=1&stop=1&vt=2&bs=1&s=1&click=0&page=37
2018/09/20 16:54:17 [D]  *     Start: http://search.jd.com/s_new.php?keyword=iphone7plus&enc=utf-8&qrst=1&rt=1&stop=1&vt=2&bs=1&s=31&scrolling=y&pos=30&page=38
2018/09/20 16:54:17 [I]  *     Success: http://search.jd.com/Search?keyword=iphone7plus&enc=utf-8&qrst=1&rt=1&stop=1&vt=2&bs=1&s=1&click=0&page=37

2018/09/20 16:54:17 [D]  *     Start: http://search.jd.com/Search?keyword=iphone7plus&enc=utf-8&qrst=1&rt=1&stop=1&vt=2&bs=1&s=1&click=0&page=39
2018/09/20 16:54:18 [I]  *     Success: http://search.jd.com/s_new.php?keyword=iphone7plus&enc=utf-8&qrst=1&rt=1&stop=1&vt=2&bs=1&s=31&scrolling=y&pos=30&page=38

2018/09/20 16:54:18 [D]  *     Start: http://search.jd.com/s_new.php?keyword=iphone7plus&enc=utf-8&qrst=1&rt=1&stop=1&vt=2&bs=1&s=31&scrolling=y&pos=30&page=40
2018/09/20 16:54:18 [I]  *     Success: http://search.jd.com/Search?keyword=iphone7plus&enc=utf-8&qrst=1&rt=1&stop=1&vt=2&bs=1&s=1&click=0&page=39

2018/09/20 16:54:18 [D]  *     Start: http://search.jd.com/Search?keyword=iphone7plus&enc=utf-8&qrst=1&rt=1&stop=1&vt=2&bs=1&s=1&click=0&page=41
2018/09/20 16:54:18 [I]  *     Success: http://search.jd.com/s_new.php?keyword=iphone7plus&enc=utf-8&qrst=1&rt=1&stop=1&vt=2&bs=1&s=31&scrolling=y&pos=30&page=40

2018/09/20 16:54:18 [D]  *     Start: http://search.jd.com/s_new.php?keyword=iphone7plus&enc=utf-8&qrst=1&rt=1&stop=1&vt=2&bs=1&s=31&scrolling=y&pos=30&page=42
2018/09/20 16:54:19 [I]  *     Success: http://search.jd.com/s_new.php?keyword=iphone7plus&enc=utf-8&qrst=1&rt=1&stop=1&vt=2&bs=1&s=31&scrolling=y&pos=30&page=42

2018/09/20 16:54:19 [I]  *     Success: http://search.jd.com/Search?keyword=iphone7plus&enc=utf-8&qrst=1&rt=1&stop=1&vt=2&bs=1&s=1&click=0&page=41

2018/09/20 16:54:19 [D]  *     Start: http://search.jd.com/Search?keyword=iphone7plus&enc=utf-8&qrst=1&rt=1&stop=1&vt=2&bs=1&s=1&click=0&page=43
2018/09/20 16:54:19 [I]  *     Success: http://search.jd.com/Search?keyword=iphone7plus&enc=utf-8&qrst=1&rt=1&stop=1&vt=2&bs=1&s=1&click=0&page=43

2018/09/20 16:54:19 [D]  *     Start: http://search.jd.com/s_new.php?keyword=iphone7plus&enc=utf-8&qrst=1&rt=1&stop=1&vt=2&bs=1&s=31&scrolling=y&pos=30&page=44
2018/09/20 16:54:20 [I]  *     Success: http://search.jd.com/s_new.php?keyword=iphone7plus&enc=utf-8&qrst=1&rt=1&stop=1&vt=2&bs=1&s=31&scrolling=y&pos=30&page=44

2018/09/20 16:54:20 [D]  *     Start: http://search.jd.com/Search?keyword=iphone7plus&enc=utf-8&qrst=1&rt=1&stop=1&vt=2&bs=1&s=1&click=0&page=45
2018/09/20 16:54:20 [D]  *     Start: http://search.jd.com/s_new.php?keyword=iphone7plus&enc=utf-8&qrst=1&rt=1&stop=1&vt=2&bs=1&s=31&scrolling=y&pos=30&page=46
2018/09/20 16:54:21 [D]  *     Start: http://search.jd.com/Search?keyword=iphone7plus&enc=utf-8&qrst=1&rt=1&stop=1&vt=2&bs=1&s=1&click=0&page=47
2018/09/20 16:54:21 [I]  *     Success: http://search.jd.com/s_new.php?keyword=iphone7plus&enc=utf-8&qrst=1&rt=1&stop=1&vt=2&bs=1&s=31&scrolling=y&pos=30&page=46

2018/09/20 16:54:21 [I]  *     Success: http://search.jd.com/Search?keyword=iphone7plus&enc=utf-8&qrst=1&rt=1&stop=1&vt=2&bs=1&s=1&click=0&page=45

2018/09/20 16:54:21 [D]  *     Start: http://search.jd.com/s_new.php?keyword=iphone7plus&enc=utf-8&qrst=1&rt=1&stop=1&vt=2&bs=1&s=31&scrolling=y&pos=30&page=48
2018/09/20 16:54:21 [I]  *     Success: http://search.jd.com/Search?keyword=iphone7plus&enc=utf-8&qrst=1&rt=1&stop=1&vt=2&bs=1&s=1&click=0&page=47

2018/09/20 16:54:21 [I]  *     Success: http://search.jd.com/s_new.php?keyword=iphone7plus&enc=utf-8&qrst=1&rt=1&stop=1&vt=2&bs=1&s=31&scrolling=y&pos=30&page=48

2018/09/20 16:54:21 [D]  *     Start: http://search.jd.com/Search?keyword=iphone7plus&enc=utf-8&qrst=1&rt=1&stop=1&vt=2&bs=1&s=1&click=0&page=49
2018/09/20 16:54:22 [D]  *     Start: http://search.jd.com/s_new.php?keyword=iphone7plus&enc=utf-8&qrst=1&rt=1&stop=1&vt=2&bs=1&s=31&scrolling=y&pos=30&page=50
2018/09/20 16:54:22 [I]  *     Success: http://search.jd.com/Search?keyword=iphone7plus&enc=utf-8&qrst=1&rt=1&stop=1&vt=2&bs=1&s=1&click=0&page=49

2018/09/20 16:54:22 [D]  *     Start: http://search.jd.com/Search?keyword=iphone7plus&enc=utf-8&qrst=1&rt=1&stop=1&vt=2&bs=1&s=1&click=0&page=51
2018/09/20 16:54:22 [I]  *     Success: http://search.jd.com/s_new.php?keyword=iphone7plus&enc=utf-8&qrst=1&rt=1&stop=1&vt=2&bs=1&s=31&scrolling=y&pos=30&page=50

2018/09/20 16:54:22 [D]  *     Start: http://search.jd.com/s_new.php?keyword=iphone7plus&enc=utf-8&qrst=1&rt=1&stop=1&vt=2&bs=1&s=31&scrolling=y&pos=30&page=52
2018/09/20 16:54:23 [D]  *     Start: http://search.jd.com/Search?keyword=iphone7plus&enc=utf-8&qrst=1&rt=1&stop=1&vt=2&bs=1&s=1&click=0&page=53
2018/09/20 16:54:23 [I]  *     Success: http://search.jd.com/s_new.php?keyword=iphone7plus&enc=utf-8&qrst=1&rt=1&stop=1&vt=2&bs=1&s=31&scrolling=y&pos=30&page=52

2018/09/20 16:54:23 [I]  *     Success: http://search.jd.com/Search?keyword=iphone7plus&enc=utf-8&qrst=1&rt=1&stop=1&vt=2&bs=1&s=1&click=0&page=51

2018/09/20 16:54:23 [I]  *     Success: http://search.jd.com/Search?keyword=iphone7plus&enc=utf-8&qrst=1&rt=1&stop=1&vt=2&bs=1&s=1&click=0&page=53

2018/09/20 16:54:23 [D]  *     Start: http://search.jd.com/s_new.php?keyword=iphone7plus&enc=utf-8&qrst=1&rt=1&stop=1&vt=2&bs=1&s=31&scrolling=y&pos=30&page=54
2018/09/20 16:54:23 [I]  *     Success: http://search.jd.com/s_new.php?keyword=iphone7plus&enc=utf-8&qrst=1&rt=1&stop=1&vt=2&bs=1&s=31&scrolling=y&pos=30&page=54

2018/09/20 16:54:24 [D]  *     Start: http://search.jd.com/Search?keyword=iphone7plus&enc=utf-8&qrst=1&rt=1&stop=1&vt=2&bs=1&s=1&click=0&page=55
2018/09/20 16:54:24 [D]  *     Start: http://search.jd.com/s_new.php?keyword=iphone7plus&enc=utf-8&qrst=1&rt=1&stop=1&vt=2&bs=1&s=31&scrolling=y&pos=30&page=56
2018/09/20 16:54:24 [I]  *     Success: http://search.jd.com/s_new.php?keyword=iphone7plus&enc=utf-8&qrst=1&rt=1&stop=1&vt=2&bs=1&s=31&scrolling=y&pos=30&page=56

2018/09/20 16:54:24 [D]  *     Start: http://search.jd.com/Search?keyword=iphone7plus&enc=utf-8&qrst=1&rt=1&stop=1&vt=2&bs=1&s=1&click=0&page=57
2018/09/20 16:54:24 [I]  *     Success: http://search.jd.com/Search?keyword=iphone7plus&enc=utf-8&qrst=1&rt=1&stop=1&vt=2&bs=1&s=1&click=0&page=55

2018/09/20 16:54:25 [D]  *     Start: http://search.jd.com/s_new.php?keyword=iphone7plus&enc=utf-8&qrst=1&rt=1&stop=1&vt=2&bs=1&s=31&scrolling=y&pos=30&page=58
2018/09/20 16:54:25 [I]  *     Success: http://search.jd.com/s_new.php?keyword=iphone7plus&enc=utf-8&qrst=1&rt=1&stop=1&vt=2&bs=1&s=31&scrolling=y&pos=30&page=58

2018/09/20 16:54:25 [I]  *     Success: http://search.jd.com/Search?keyword=iphone7plus&enc=utf-8&qrst=1&rt=1&stop=1&vt=2&bs=1&s=1&click=0&page=57

2018/09/20 16:54:25 [D]  *     Start: http://search.jd.com/Search?keyword=iphone7plus&enc=utf-8&qrst=1&rt=1&stop=1&vt=2&bs=1&s=1&click=0&page=59
2018/09/20 16:54:25 [D]  *     Start: http://search.jd.com/s_new.php?keyword=iphone7plus&enc=utf-8&qrst=1&rt=1&stop=1&vt=2&bs=1&s=31&scrolling=y&pos=30&page=60
2018/09/20 16:54:25 [I]  *     Success: http://search.jd.com/Search?keyword=iphone7plus&enc=utf-8&qrst=1&rt=1&stop=1&vt=2&bs=1&s=1&click=0&page=59

2018/09/20 16:54:26 [I]  *     Success: http://search.jd.com/s_new.php?keyword=iphone7plus&enc=utf-8&qrst=1&rt=1&stop=1&vt=2&bs=1&s=31&scrolling=y&pos=30&page=60

2018/09/20 16:54:26 [D]  *     Start: http://search.jd.com/Search?keyword=iphone7plus&enc=utf-8&qrst=1&rt=1&stop=1&vt=2&bs=1&s=1&click=0&page=61
2018/09/20 16:54:26 [I]  *     Success: http://search.jd.com/Search?keyword=iphone7plus&enc=utf-8&qrst=1&rt=1&stop=1&vt=2&bs=1&s=1&click=0&page=61

2018/09/20 16:54:26 [D]  *     Start: http://search.jd.com/s_new.php?keyword=iphone7plus&enc=utf-8&qrst=1&rt=1&stop=1&vt=2&bs=1&s=31&scrolling=y&pos=30&page=62
2018/09/20 16:54:27 [D]  *     Start: http://search.jd.com/Search?keyword=iphone7plus&enc=utf-8&qrst=1&rt=1&stop=1&vt=2&bs=1&s=1&click=0&page=63
2018/09/20 16:54:27 [I]  *     Success: http://search.jd.com/s_new.php?keyword=iphone7plus&enc=utf-8&qrst=1&rt=1&stop=1&vt=2&bs=1&s=31&scrolling=y&pos=30&page=62

2018/09/20 16:54:27 [D]  *     Start: http://search.jd.com/s_new.php?keyword=iphone7plus&enc=utf-8&qrst=1&rt=1&stop=1&vt=2&bs=1&s=31&scrolling=y&pos=30&page=64
2018/09/20 16:54:28 [I]  *     Success: http://search.jd.com/s_new.php?keyword=iphone7plus&enc=utf-8&qrst=1&rt=1&stop=1&vt=2&bs=1&s=31&scrolling=y&pos=30&page=64

2018/09/20 16:54:28 [D]  *     Start: http://search.jd.com/Search?keyword=iphone7plus&enc=utf-8&qrst=1&rt=1&stop=1&vt=2&bs=1&s=1&click=0&page=65
2018/09/20 16:54:28 [I]  *     Success: http://search.jd.com/Search?keyword=iphone7plus&enc=utf-8&qrst=1&rt=1&stop=1&vt=2&bs=1&s=1&click=0&page=65

2018/09/20 16:54:28 [D]  *     Start: http://search.jd.com/s_new.php?keyword=iphone7plus&enc=utf-8&qrst=1&rt=1&stop=1&vt=2&bs=1&s=31&scrolling=y&pos=30&page=66
2018/09/20 16:54:28 [I]  *     Success: http://search.jd.com/Search?keyword=iphone7plus&enc=utf-8&qrst=1&rt=1&stop=1&vt=2&bs=1&s=1&click=0&page=63

2018/09/20 16:54:28 [D]  *     Start: http://search.jd.com/Search?keyword=iphone7plus&enc=utf-8&qrst=1&rt=1&stop=1&vt=2&bs=1&s=1&click=0&page=67
2018/09/20 16:54:29 [D]  *     Start: http://search.jd.com/s_new.php?keyword=iphone7plus&enc=utf-8&qrst=1&rt=1&stop=1&vt=2&bs=1&s=31&scrolling=y&pos=30&page=68
2018/09/20 16:54:29 [I]  *     Success: http://search.jd.com/Search?keyword=iphone7plus&enc=utf-8&qrst=1&rt=1&stop=1&vt=2&bs=1&s=1&click=0&page=67

2018/09/20 16:54:29 [I]  *     Success: http://search.jd.com/s_new.php?keyword=iphone7plus&enc=utf-8&qrst=1&rt=1&stop=1&vt=2&bs=1&s=31&scrolling=y&pos=30&page=68

2018/09/20 16:54:29 [D]  *     Start: http://search.jd.com/Search?keyword=iphone7plus&enc=utf-8&qrst=1&rt=1&stop=1&vt=2&bs=1&s=1&click=0&page=69
2018/09/20 16:54:30 [D]  *     Start: http://search.jd.com/s_new.php?keyword=iphone7plus&enc=utf-8&qrst=1&rt=1&stop=1&vt=2&bs=1&s=31&scrolling=y&pos=30&page=70
2018/09/20 16:54:30 [I]  *     Success: http://search.jd.com/Search?keyword=iphone7plus&enc=utf-8&qrst=1&rt=1&stop=1&vt=2&bs=1&s=1&click=0&page=69

2018/09/20 16:54:30 [D]  *     Start: http://search.jd.com/Search?keyword=iphone7plus&enc=utf-8&qrst=1&rt=1&stop=1&vt=2&bs=1&s=1&click=0&page=71
2018/09/20 16:54:30 [I]  *     Success: http://search.jd.com/s_new.php?keyword=iphone7plus&enc=utf-8&qrst=1&rt=1&stop=1&vt=2&bs=1&s=31&scrolling=y&pos=30&page=70

2018/09/20 16:54:31 [I]  *     Success: http://search.jd.com/Search?keyword=iphone7plus&enc=utf-8&qrst=1&rt=1&stop=1&vt=2&bs=1&s=1&click=0&page=71

2018/09/20 16:54:31 [I]  *     Success: http://search.jd.com/s_new.php?keyword=iphone7plus&enc=utf-8&qrst=1&rt=1&stop=1&vt=2&bs=1&s=31&scrolling=y&pos=30&page=66

2018/09/20 16:54:31 [D]  *     Start: http://search.jd.com/s_new.php?keyword=iphone7plus&enc=utf-8&qrst=1&rt=1&stop=1&vt=2&bs=1&s=31&scrolling=y&pos=30&page=72
2018/09/20 16:54:31 [D]  *     Start: http://search.jd.com/Search?keyword=iphone7plus&enc=utf-8&qrst=1&rt=1&stop=1&vt=2&bs=1&s=1&click=0&page=73
2018/09/20 16:54:31 [I]  *     Success: http://search.jd.com/s_new.php?keyword=iphone7plus&enc=utf-8&qrst=1&rt=1&stop=1&vt=2&bs=1&s=31&scrolling=y&pos=30&page=72

2018/09/20 16:54:31 [I]  *     Success: http://search.jd.com/Search?keyword=iphone7plus&enc=utf-8&qrst=1&rt=1&stop=1&vt=2&bs=1&s=1&click=0&page=73

2018/09/20 16:54:32 [D]  *     Start: http://search.jd.com/s_new.php?keyword=iphone7plus&enc=utf-8&qrst=1&rt=1&stop=1&vt=2&bs=1&s=31&scrolling=y&pos=30&page=74
2018/09/20 16:54:32 [D]  *     Start: http://search.jd.com/Search?keyword=iphone7plus&enc=utf-8&qrst=1&rt=1&stop=1&vt=2&bs=1&s=1&click=0&page=75
2018/09/20 16:54:32 [D]  *     Start: http://search.jd.com/s_new.php?keyword=iphone7plus&enc=utf-8&qrst=1&rt=1&stop=1&vt=2&bs=1&s=31&scrolling=y&pos=30&page=76
2018/09/20 16:54:33 [D]  *     Start: http://search.jd.com/Search?keyword=iphone7plus&enc=utf-8&qrst=1&rt=1&stop=1&vt=2&bs=1&s=1&click=0&page=77
2018/09/20 16:54:33 [I]  *     Success: http://search.jd.com/Search?keyword=iphone7plus&enc=utf-8&qrst=1&rt=1&stop=1&vt=2&bs=1&s=1&click=0&page=75

2018/09/20 16:54:33 [I]  *     Success: http://search.jd.com/s_new.php?keyword=iphone7plus&enc=utf-8&qrst=1&rt=1&stop=1&vt=2&bs=1&s=31&scrolling=y&pos=30&page=74

2018/09/20 16:54:33 [I]  *     Success: http://search.jd.com/s_new.php?keyword=iphone7plus&enc=utf-8&qrst=1&rt=1&stop=1&vt=2&bs=1&s=31&scrolling=y&pos=30&page=76

2018/09/20 16:54:33 [D]  *     Start: http://search.jd.com/s_new.php?keyword=iphone7plus&enc=utf-8&qrst=1&rt=1&stop=1&vt=2&bs=1&s=31&scrolling=y&pos=30&page=78
2018/09/20 16:54:33 [I]  *     Success: http://search.jd.com/Search?keyword=iphone7plus&enc=utf-8&qrst=1&rt=1&stop=1&vt=2&bs=1&s=1&click=0&page=77

2018/09/20 16:54:33 [D]  *     Start: http://search.jd.com/Search?keyword=iphone7plus&enc=utf-8&qrst=1&rt=1&stop=1&vt=2&bs=1&s=1&click=0&page=79
2018/09/20 16:54:33 [I]  *     Success: http://search.jd.com/s_new.php?keyword=iphone7plus&enc=utf-8&qrst=1&rt=1&stop=1&vt=2&bs=1&s=31&scrolling=y&pos=30&page=78

2018/09/20 16:54:34 [I]  *     Success: http://search.jd.com/Search?keyword=iphone7plus&enc=utf-8&qrst=1&rt=1&stop=1&vt=2&bs=1&s=1&click=0&page=79

2018/09/20 16:54:34 [D]  *     Start: http://search.jd.com/s_new.php?keyword=iphone7plus&enc=utf-8&qrst=1&rt=1&stop=1&vt=2&bs=1&s=31&scrolling=y&pos=30&page=80
2018/09/20 16:54:34 [I]  *     Success: http://search.jd.com/s_new.php?keyword=iphone7plus&enc=utf-8&qrst=1&rt=1&stop=1&vt=2&bs=1&s=31&scrolling=y&pos=30&page=80

2018/09/20 16:54:34 [D]  *     Start: http://search.jd.com/Search?keyword=iphone7plus&enc=utf-8&qrst=1&rt=1&stop=1&vt=2&bs=1&s=1&click=0&page=81
2018/09/20 16:54:35 [I]  *     Success: http://search.jd.com/Search?keyword=iphone7plus&enc=utf-8&qrst=1&rt=1&stop=1&vt=2&bs=1&s=1&click=0&page=81

2018/09/20 16:54:35 [D]  *     Start: http://search.jd.com/s_new.php?keyword=iphone7plus&enc=utf-8&qrst=1&rt=1&stop=1&vt=2&bs=1&s=31&scrolling=y&pos=30&page=82
2018/09/20 16:54:35 [I]  *     Success: http://search.jd.com/s_new.php?keyword=iphone7plus&enc=utf-8&qrst=1&rt=1&stop=1&vt=2&bs=1&s=31&scrolling=y&pos=30&page=82

2018/09/20 16:54:35 [D]  *     Start: http://search.jd.com/Search?keyword=iphone7plus&enc=utf-8&qrst=1&rt=1&stop=1&vt=2&bs=1&s=1&click=0&page=83
2018/09/20 16:54:35 [I]  *     Success: http://search.jd.com/Search?keyword=iphone7plus&enc=utf-8&qrst=1&rt=1&stop=1&vt=2&bs=1&s=1&click=0&page=83

2018/09/20 16:54:36 [D]  *     Start: http://search.jd.com/s_new.php?keyword=iphone7plus&enc=utf-8&qrst=1&rt=1&stop=1&vt=2&bs=1&s=31&scrolling=y&pos=30&page=84
2018/09/20 16:54:36 [D]  *     Start: http://search.jd.com/Search?keyword=iphone7plus&enc=utf-8&qrst=1&rt=1&stop=1&vt=2&bs=1&s=1&click=0&page=85
2018/09/20 16:54:36 [I]  *     Success: http://search.jd.com/s_new.php?keyword=iphone7plus&enc=utf-8&qrst=1&rt=1&stop=1&vt=2&bs=1&s=31&scrolling=y&pos=30&page=84

2018/09/20 16:54:36 [I]  *     Success: http://search.jd.com/Search?keyword=iphone7plus&enc=utf-8&qrst=1&rt=1&stop=1&vt=2&bs=1&s=1&click=0&page=85

2018/09/20 16:54:36 [D]  *     Start: http://search.jd.com/s_new.php?keyword=iphone7plus&enc=utf-8&qrst=1&rt=1&stop=1&vt=2&bs=1&s=31&scrolling=y&pos=30&page=86
2018/09/20 16:54:37 [I]  *     Success: http://search.jd.com/s_new.php?keyword=iphone7plus&enc=utf-8&qrst=1&rt=1&stop=1&vt=2&bs=1&s=31&scrolling=y&pos=30&page=86

2018/09/20 16:54:37 [D]  *     Start: http://search.jd.com/Search?keyword=iphone7plus&enc=utf-8&qrst=1&rt=1&stop=1&vt=2&bs=1&s=1&click=0&page=87
2018/09/20 16:54:37 [D]  *     Start: http://search.jd.com/s_new.php?keyword=iphone7plus&enc=utf-8&qrst=1&rt=1&stop=1&vt=2&bs=1&s=31&scrolling=y&pos=30&page=88
2018/09/20 16:54:37 [I]  *     Success: http://search.jd.com/Search?keyword=iphone7plus&enc=utf-8&qrst=1&rt=1&stop=1&vt=2&bs=1&s=1&click=0&page=87

2018/09/20 16:54:37 [D]  *     Start: http://search.jd.com/Search?keyword=iphone7plus&enc=utf-8&qrst=1&rt=1&stop=1&vt=2&bs=1&s=1&click=0&page=89
2018/09/20 16:54:38 [I]  *     Success: http://search.jd.com/Search?keyword=iphone7plus&enc=utf-8&qrst=1&rt=1&stop=1&vt=2&bs=1&s=1&click=0&page=89

2018/09/20 16:54:38 [D]  *     Start: http://search.jd.com/s_new.php?keyword=iphone7plus&enc=utf-8&qrst=1&rt=1&stop=1&vt=2&bs=1&s=31&scrolling=y&pos=30&page=90
2018/09/20 16:54:38 [I]  *     Success: http://search.jd.com/s_new.php?keyword=iphone7plus&enc=utf-8&qrst=1&rt=1&stop=1&vt=2&bs=1&s=31&scrolling=y&pos=30&page=90

2018/09/20 16:54:38 [D]  *     Start: http://search.jd.com/Search?keyword=iphone7plus&enc=utf-8&qrst=1&rt=1&stop=1&vt=2&bs=1&s=1&click=0&page=91
2018/09/20 16:54:39 [I]  *     Success: http://search.jd.com/Search?keyword=iphone7plus&enc=utf-8&qrst=1&rt=1&stop=1&vt=2&bs=1&s=1&click=0&page=91

2018/09/20 16:54:39 [D]  *     Start: http://search.jd.com/s_new.php?keyword=iphone7plus&enc=utf-8&qrst=1&rt=1&stop=1&vt=2&bs=1&s=31&scrolling=y&pos=30&page=92
2018/09/20 16:54:39 [I]  *     Success: http://search.jd.com/s_new.php?keyword=iphone7plus&enc=utf-8&qrst=1&rt=1&stop=1&vt=2&bs=1&s=31&scrolling=y&pos=30&page=92

2018/09/20 16:54:39 [D]  *     Start: http://search.jd.com/Search?keyword=iphone7plus&enc=utf-8&qrst=1&rt=1&stop=1&vt=2&bs=1&s=1&click=0&page=93
2018/09/20 16:54:39 [I]  *     Success: http://search.jd.com/s_new.php?keyword=iphone7plus&enc=utf-8&qrst=1&rt=1&stop=1&vt=2&bs=1&s=31&scrolling=y&pos=30&page=88

2018/09/20 16:54:39 [D]  *     Start: http://search.jd.com/s_new.php?keyword=iphone7plus&enc=utf-8&qrst=1&rt=1&stop=1&vt=2&bs=1&s=31&scrolling=y&pos=30&page=94
2018/09/20 16:54:40 [D]  *     Start: http://search.jd.com/Search?keyword=iphone7plus&enc=utf-8&qrst=1&rt=1&stop=1&vt=2&bs=1&s=1&click=0&page=95
2018/09/20 16:54:40 [I]  *     Success: http://search.jd.com/s_new.php?keyword=iphone7plus&enc=utf-8&qrst=1&rt=1&stop=1&vt=2&bs=1&s=31&scrolling=y&pos=30&page=94

2018/09/20 16:54:40 [I]  *     Success: http://search.jd.com/Search?keyword=iphone7plus&enc=utf-8&qrst=1&rt=1&stop=1&vt=2&bs=1&s=1&click=0&page=93

2018/09/20 16:54:40 [D]  *     Start: http://search.jd.com/s_new.php?keyword=iphone7plus&enc=utf-8&qrst=1&rt=1&stop=1&vt=2&bs=1&s=31&scrolling=y&pos=30&page=96
2018/09/20 16:54:40 [I]  *     Success: http://search.jd.com/s_new.php?keyword=iphone7plus&enc=utf-8&qrst=1&rt=1&stop=1&vt=2&bs=1&s=31&scrolling=y&pos=30&page=96

2018/09/20 16:54:41 [I]  *     Success: http://search.jd.com/Search?keyword=iphone7plus&enc=utf-8&qrst=1&rt=1&stop=1&vt=2&bs=1&s=1&click=0&page=95

2018/09/20 16:54:41 [D]  *     Start: http://search.jd.com/Search?keyword=iphone7plus&enc=utf-8&qrst=1&rt=1&stop=1&vt=2&bs=1&s=1&click=0&page=97
2018/09/20 16:54:41 [I]  *     Success: http://search.jd.com/Search?keyword=iphone7plus&enc=utf-8&qrst=1&rt=1&stop=1&vt=2&bs=1&s=1&click=0&page=97

2018/09/20 16:54:41 [D]  *     Start: http://search.jd.com/s_new.php?keyword=iphone7plus&enc=utf-8&qrst=1&rt=1&stop=1&vt=2&bs=1&s=31&scrolling=y&pos=30&page=98
2018/09/20 16:54:41 [I]  *     Success: http://search.jd.com/s_new.php?keyword=iphone7plus&enc=utf-8&qrst=1&rt=1&stop=1&vt=2&bs=1&s=31&scrolling=y&pos=30&page=98

2018/09/20 16:54:41 [D]  *     Start: http://search.jd.com/Search?keyword=iphone7plus&enc=utf-8&qrst=1&rt=1&stop=1&vt=2&bs=1&s=1&click=0&page=99
2018/09/20 16:54:42 [D]  *     Start: http://search.jd.com/s_new.php?keyword=iphone7plus&enc=utf-8&qrst=1&rt=1&stop=1&vt=2&bs=1&s=31&scrolling=y&pos=30&page=100
2018/09/20 16:54:42 [I]  *     Success: http://search.jd.com/Search?keyword=iphone7plus&enc=utf-8&qrst=1&rt=1&stop=1&vt=2&bs=1&s=1&click=0&page=99

2018/09/20 16:54:42 [I]  *     Success: http://search.jd.com/s_new.php?keyword=iphone7plus&enc=utf-8&qrst=1&rt=1&stop=1&vt=2&bs=1&s=31&scrolling=y&pos=30&page=100

2018/09/20 16:54:42 [D]  *     Start: http://search.jd.com/Search?keyword=iphone7plus&enc=utf-8&qrst=1&rt=1&stop=1&vt=2&bs=1&s=1&click=0&page=101
2018/09/20 16:54:42 [D]  *     Start: http://search.jd.com/s_new.php?keyword=iphone7plus&enc=utf-8&qrst=1&rt=1&stop=1&vt=2&bs=1&s=31&scrolling=y&pos=30&page=102
2018/09/20 16:54:43 [I]  *     Success: http://search.jd.com/Search?keyword=iphone7plus&enc=utf-8&qrst=1&rt=1&stop=1&vt=2&bs=1&s=1&click=0&page=101

2018/09/20 16:54:43 [D]  *     Start: http://search.jd.com/Search?keyword=iphone7plus&enc=utf-8&qrst=1&rt=1&stop=1&vt=2&bs=1&s=1&click=0&page=103
2018/09/20 16:54:43 [I]  *     Success: http://search.jd.com/s_new.php?keyword=iphone7plus&enc=utf-8&qrst=1&rt=1&stop=1&vt=2&bs=1&s=31&scrolling=y&pos=30&page=102

2018/09/20 16:54:43 [I]  *     Success: http://search.jd.com/Search?keyword=iphone7plus&enc=utf-8&qrst=1&rt=1&stop=1&vt=2&bs=1&s=1&click=0&page=103

2018/09/20 16:54:44 [D]  *     Start: http://search.jd.com/s_new.php?keyword=iphone7plus&enc=utf-8&qrst=1&rt=1&stop=1&vt=2&bs=1&s=31&scrolling=y&pos=30&page=104
2018/09/20 16:54:44 [I]  *     Success: http://search.jd.com/s_new.php?keyword=iphone7plus&enc=utf-8&qrst=1&rt=1&stop=1&vt=2&bs=1&s=31&scrolling=y&pos=30&page=104

2018/09/20 16:54:44 [D]  *     Start: http://search.jd.com/Search?keyword=iphone7plus&enc=utf-8&qrst=1&rt=1&stop=1&vt=2&bs=1&s=1&click=0&page=105
2018/09/20 16:54:44 [D]  *     Start: http://search.jd.com/s_new.php?keyword=iphone7plus&enc=utf-8&qrst=1&rt=1&stop=1&vt=2&bs=1&s=31&scrolling=y&pos=30&page=106
2018/09/20 16:54:44 [I]  *     Success: http://search.jd.com/Search?keyword=iphone7plus&enc=utf-8&qrst=1&rt=1&stop=1&vt=2&bs=1&s=1&click=0&page=105

2018/09/20 16:54:44 [D]  *     Start: http://search.jd.com/Search?keyword=iphone7plus&enc=utf-8&qrst=1&rt=1&stop=1&vt=2&bs=1&s=1&click=0&page=107
2018/09/20 16:54:44 [I]  *     Success: http://search.jd.com/s_new.php?keyword=iphone7plus&enc=utf-8&qrst=1&rt=1&stop=1&vt=2&bs=1&s=31&scrolling=y&pos=30&page=106

2018/09/20 16:54:45 [D]  *     Start: http://search.jd.com/s_new.php?keyword=iphone7plus&enc=utf-8&qrst=1&rt=1&stop=1&vt=2&bs=1&s=31&scrolling=y&pos=30&page=108
2018/09/20 16:54:45 [D]  *     Start: http://search.jd.com/Search?keyword=iphone7plus&enc=utf-8&qrst=1&rt=1&stop=1&vt=2&bs=1&s=1&click=0&page=109
2018/09/20 16:54:45 [I]  *     Success: http://search.jd.com/Search?keyword=iphone7plus&enc=utf-8&qrst=1&rt=1&stop=1&vt=2&bs=1&s=1&click=0&page=107

2018/09/20 16:54:45 [D]  *     Start: http://search.jd.com/s_new.php?keyword=iphone7plus&enc=utf-8&qrst=1&rt=1&stop=1&vt=2&bs=1&s=31&scrolling=y&pos=30&page=110
2018/09/20 16:54:45 [I]  *     Success: http://search.jd.com/Search?keyword=iphone7plus&enc=utf-8&qrst=1&rt=1&stop=1&vt=2&bs=1&s=1&click=0&page=109

2018/09/20 16:54:45 [I]  *     Success: http://search.jd.com/s_new.php?keyword=iphone7plus&enc=utf-8&qrst=1&rt=1&stop=1&vt=2&bs=1&s=31&scrolling=y&pos=30&page=108

2018/09/20 16:54:46 [D]  *     Start: http://search.jd.com/Search?keyword=iphone7plus&enc=utf-8&qrst=1&rt=1&stop=1&vt=2&bs=1&s=1&click=0&page=111
2018/09/20 16:54:46 [I]  *     Success: http://search.jd.com/s_new.php?keyword=iphone7plus&enc=utf-8&qrst=1&rt=1&stop=1&vt=2&bs=1&s=31&scrolling=y&pos=30&page=110

2018/09/20 16:54:46 [I]  *     Success: http://search.jd.com/Search?keyword=iphone7plus&enc=utf-8&qrst=1&rt=1&stop=1&vt=2&bs=1&s=1&click=0&page=111

2018/09/20 16:54:46 [D]  *     Start: http://search.jd.com/s_new.php?keyword=iphone7plus&enc=utf-8&qrst=1&rt=1&stop=1&vt=2&bs=1&s=31&scrolling=y&pos=30&page=112
2018/09/20 16:54:46 [D]  *     Start: http://search.jd.com/Search?keyword=iphone7plus&enc=utf-8&qrst=1&rt=1&stop=1&vt=2&bs=1&s=1&click=0&page=113
2018/09/20 16:54:46 [D]  *     Start: http://search.jd.com/s_new.php?keyword=iphone7plus&enc=utf-8&qrst=1&rt=1&stop=1&vt=2&bs=1&s=31&scrolling=y&pos=30&page=114
2018/09/20 16:54:46 [I]  *     Success: http://search.jd.com/s_new.php?keyword=iphone7plus&enc=utf-8&qrst=1&rt=1&stop=1&vt=2&bs=1&s=31&scrolling=y&pos=30&page=112

2018/09/20 16:54:46 [I]  *     Success: http://search.jd.com/Search?keyword=iphone7plus&enc=utf-8&qrst=1&rt=1&stop=1&vt=2&bs=1&s=1&click=0&page=113

2018/09/20 16:54:46 [I]  *     Success: http://search.jd.com/s_new.php?keyword=iphone7plus&enc=utf-8&qrst=1&rt=1&stop=1&vt=2&bs=1&s=31&scrolling=y&pos=30&page=114

2018/09/20 16:54:47 [D]  *     Start: http://search.jd.com/Search?keyword=iphone7plus&enc=utf-8&qrst=1&rt=1&stop=1&vt=2&bs=1&s=1&click=0&page=115
2018/09/20 16:54:47 [D]  *     Start: http://search.jd.com/s_new.php?keyword=iphone7plus&enc=utf-8&qrst=1&rt=1&stop=1&vt=2&bs=1&s=31&scrolling=y&pos=30&page=116
2018/09/20 16:54:47 [I]  *     Success: http://search.jd.com/Search?keyword=iphone7plus&enc=utf-8&qrst=1&rt=1&stop=1&vt=2&bs=1&s=1&click=0&page=115

2018/09/20 16:54:47 [D]  *     Start: http://search.jd.com/Search?keyword=iphone7plus&enc=utf-8&qrst=1&rt=1&stop=1&vt=2&bs=1&s=1&click=0&page=117
2018/09/20 16:54:47 [I]  *     Success: http://search.jd.com/s_new.php?keyword=iphone7plus&enc=utf-8&qrst=1&rt=1&stop=1&vt=2&bs=1&s=31&scrolling=y&pos=30&page=116

2018/09/20 16:54:47 [D]  *     Start: http://search.jd.com/s_new.php?keyword=iphone7plus&enc=utf-8&qrst=1&rt=1&stop=1&vt=2&bs=1&s=31&scrolling=y&pos=30&page=118
2018/09/20 16:54:48 [I]  *     Success: http://search.jd.com/Search?keyword=iphone7plus&enc=utf-8&qrst=1&rt=1&stop=1&vt=2&bs=1&s=1&click=0&page=117

2018/09/20 16:54:48 [I]  *     Success: http://search.jd.com/s_new.php?keyword=iphone7plus&enc=utf-8&qrst=1&rt=1&stop=1&vt=2&bs=1&s=31&scrolling=y&pos=30&page=118

2018/09/20 16:54:48 [D]  *     Start: http://search.jd.com/Search?keyword=iphone7plus&enc=utf-8&qrst=1&rt=1&stop=1&vt=2&bs=1&s=1&click=0&page=119
2018/09/20 16:54:48 [I]  *     Success: http://search.jd.com/Search?keyword=iphone7plus&enc=utf-8&qrst=1&rt=1&stop=1&vt=2&bs=1&s=1&click=0&page=119

2018/09/20 16:54:48 [D]  *     Start: http://search.jd.com/s_new.php?keyword=iphone7plus&enc=utf-8&qrst=1&rt=1&stop=1&vt=2&bs=1&s=31&scrolling=y&pos=30&page=120
2018/09/20 16:54:49 [D]  *     Start: http://search.jd.com/Search?keyword=iphone7plus&enc=utf-8&qrst=1&rt=1&stop=1&vt=2&bs=1&s=1&click=0&page=121
2018/09/20 16:54:49 [I]  *     Success: http://search.jd.com/Search?keyword=iphone7plus&enc=utf-8&qrst=1&rt=1&stop=1&vt=2&bs=1&s=1&click=0&page=121

2018/09/20 16:54:49 [D]  *     Start: http://search.jd.com/s_new.php?keyword=iphone7plus&enc=utf-8&qrst=1&rt=1&stop=1&vt=2&bs=1&s=31&scrolling=y&pos=30&page=122
2018/09/20 16:54:50 [I]  *     Success: http://search.jd.com/s_new.php?keyword=iphone7plus&enc=utf-8&qrst=1&rt=1&stop=1&vt=2&bs=1&s=31&scrolling=y&pos=30&page=122

2018/09/20 16:54:50 [D]  *     Start: http://search.jd.com/Search?keyword=iphone7plus&enc=utf-8&qrst=1&rt=1&stop=1&vt=2&bs=1&s=1&click=0&page=123
2018/09/20 16:54:50 [I]  *     Success: http://search.jd.com/Search?keyword=iphone7plus&enc=utf-8&qrst=1&rt=1&stop=1&vt=2&bs=1&s=1&click=0&page=123

2018/09/20 16:54:50 [D]  *     Start: http://search.jd.com/s_new.php?keyword=iphone7plus&enc=utf-8&qrst=1&rt=1&stop=1&vt=2&bs=1&s=31&scrolling=y&pos=30&page=124
2018/09/20 16:54:50 [I]  *     Success: http://search.jd.com/s_new.php?keyword=iphone7plus&enc=utf-8&qrst=1&rt=1&stop=1&vt=2&bs=1&s=31&scrolling=y&pos=30&page=120

2018/09/20 16:54:50 [I]  *     Success: http://search.jd.com/s_new.php?keyword=iphone7plus&enc=utf-8&qrst=1&rt=1&stop=1&vt=2&bs=1&s=31&scrolling=y&pos=30&page=124

2018/09/20 16:54:51 [D]  *     Start: http://search.jd.com/Search?keyword=iphone7plus&enc=utf-8&qrst=1&rt=1&stop=1&vt=2&bs=1&s=1&click=0&page=125
2018/09/20 16:54:51 [I]  *     Success: http://search.jd.com/Search?keyword=iphone7plus&enc=utf-8&qrst=1&rt=1&stop=1&vt=2&bs=1&s=1&click=0&page=125

2018/09/20 16:54:51 [D]  *     Start: http://search.jd.com/s_new.php?keyword=iphone7plus&enc=utf-8&qrst=1&rt=1&stop=1&vt=2&bs=1&s=31&scrolling=y&pos=30&page=126
2018/09/20 16:54:52 [D]  *     Start: http://search.jd.com/Search?keyword=iphone7plus&enc=utf-8&qrst=1&rt=1&stop=1&vt=2&bs=1&s=1&click=0&page=127
2018/09/20 16:54:52 [I]  *     Success: http://search.jd.com/s_new.php?keyword=iphone7plus&enc=utf-8&qrst=1&rt=1&stop=1&vt=2&bs=1&s=31&scrolling=y&pos=30&page=126

2018/09/20 16:54:52 [D]  *     Start: http://search.jd.com/s_new.php?keyword=iphone7plus&enc=utf-8&qrst=1&rt=1&stop=1&vt=2&bs=1&s=31&scrolling=y&pos=30&page=128
2018/09/20 16:54:52 [D]  *     Start: http://search.jd.com/Search?keyword=iphone7plus&enc=utf-8&qrst=1&rt=1&stop=1&vt=2&bs=1&s=1&click=0&page=129
2018/09/20 16:54:52 [I]  *     Success: http://search.jd.com/s_new.php?keyword=iphone7plus&enc=utf-8&qrst=1&rt=1&stop=1&vt=2&bs=1&s=31&scrolling=y&pos=30&page=128

2018/09/20 16:54:52 [I]  *     Success: http://search.jd.com/Search?keyword=iphone7plus&enc=utf-8&qrst=1&rt=1&stop=1&vt=2&bs=1&s=1&click=0&page=127

2018/09/20 16:54:52 [D]  *     Start: http://search.jd.com/s_new.php?keyword=iphone7plus&enc=utf-8&qrst=1&rt=1&stop=1&vt=2&bs=1&s=31&scrolling=y&pos=30&page=130
2018/09/20 16:54:52 [I]  *     Success: http://search.jd.com/Search?keyword=iphone7plus&enc=utf-8&qrst=1&rt=1&stop=1&vt=2&bs=1&s=1&click=0&page=129

2018/09/20 16:54:53 [D]  *     Start: http://search.jd.com/Search?keyword=iphone7plus&enc=utf-8&qrst=1&rt=1&stop=1&vt=2&bs=1&s=1&click=0&page=131
2018/09/20 16:54:53 [I]  *     Success: http://search.jd.com/s_new.php?keyword=iphone7plus&enc=utf-8&qrst=1&rt=1&stop=1&vt=2&bs=1&s=31&scrolling=y&pos=30&page=130

2018/09/20 16:54:53 [D]  *     Start: http://search.jd.com/s_new.php?keyword=iphone7plus&enc=utf-8&qrst=1&rt=1&stop=1&vt=2&bs=1&s=31&scrolling=y&pos=30&page=132
2018/09/20 16:54:53 [I]  *     Success: http://search.jd.com/s_new.php?keyword=iphone7plus&enc=utf-8&qrst=1&rt=1&stop=1&vt=2&bs=1&s=31&scrolling=y&pos=30&page=132

2018/09/20 16:54:53 [I]  *     Success: http://search.jd.com/Search?keyword=iphone7plus&enc=utf-8&qrst=1&rt=1&stop=1&vt=2&bs=1&s=1&click=0&page=131

2018/09/20 16:54:53 [D]  *     Start: http://search.jd.com/Search?keyword=iphone7plus&enc=utf-8&qrst=1&rt=1&stop=1&vt=2&bs=1&s=1&click=0&page=133
2018/09/20 16:54:54 [D]  *     Start: http://search.jd.com/s_new.php?keyword=iphone7plus&enc=utf-8&qrst=1&rt=1&stop=1&vt=2&bs=1&s=31&scrolling=y&pos=30&page=134
2018/09/20 16:54:54 [I]  *     Success: http://search.jd.com/Search?keyword=iphone7plus&enc=utf-8&qrst=1&rt=1&stop=1&vt=2&bs=1&s=1&click=0&page=133

2018/09/20 16:54:54 [I]  *     Success: http://search.jd.com/s_new.php?keyword=iphone7plus&enc=utf-8&qrst=1&rt=1&stop=1&vt=2&bs=1&s=31&scrolling=y&pos=30&page=134

2018/09/20 16:54:54 [D]  *     Start: http://search.jd.com/Search?keyword=iphone7plus&enc=utf-8&qrst=1&rt=1&stop=1&vt=2&bs=1&s=1&click=0&page=135
2018/09/20 16:54:54 [I]  *     Success: http://search.jd.com/Search?keyword=iphone7plus&enc=utf-8&qrst=1&rt=1&stop=1&vt=2&bs=1&s=1&click=0&page=135

2018/09/20 16:54:55 [D]  *     Start: http://search.jd.com/s_new.php?keyword=iphone7plus&enc=utf-8&qrst=1&rt=1&stop=1&vt=2&bs=1&s=31&scrolling=y&pos=30&page=136
2018/09/20 16:54:55 [D]  *     Start: http://search.jd.com/Search?keyword=iphone7plus&enc=utf-8&qrst=1&rt=1&stop=1&vt=2&bs=1&s=1&click=0&page=137
2018/09/20 16:54:55 [I]  *     Success: http://search.jd.com/s_new.php?keyword=iphone7plus&enc=utf-8&qrst=1&rt=1&stop=1&vt=2&bs=1&s=31&scrolling=y&pos=30&page=136

2018/09/20 16:54:55 [D]  *     Start: http://search.jd.com/s_new.php?keyword=iphone7plus&enc=utf-8&qrst=1&rt=1&stop=1&vt=2&bs=1&s=31&scrolling=y&pos=30&page=138
2018/09/20 16:54:56 [I]  *     Success: http://search.jd.com/s_new.php?keyword=iphone7plus&enc=utf-8&qrst=1&rt=1&stop=1&vt=2&bs=1&s=31&scrolling=y&pos=30&page=138

2018/09/20 16:54:56 [D]  *     Start: http://search.jd.com/Search?keyword=iphone7plus&enc=utf-8&qrst=1&rt=1&stop=1&vt=2&bs=1&s=1&click=0&page=139
2018/09/20 16:54:56 [I]  *     Success: http://search.jd.com/Search?keyword=iphone7plus&enc=utf-8&qrst=1&rt=1&stop=1&vt=2&bs=1&s=1&click=0&page=137

2018/09/20 16:54:56 [I]  *     Success: http://search.jd.com/Search?keyword=iphone7plus&enc=utf-8&qrst=1&rt=1&stop=1&vt=2&bs=1&s=1&click=0&page=139

2018/09/20 16:54:56 [D]  *     Start: http://search.jd.com/s_new.php?keyword=iphone7plus&enc=utf-8&qrst=1&rt=1&stop=1&vt=2&bs=1&s=31&scrolling=y&pos=30&page=140
2018/09/20 16:54:57 [I]  *     Success: http://search.jd.com/s_new.php?keyword=iphone7plus&enc=utf-8&qrst=1&rt=1&stop=1&vt=2&bs=1&s=31&scrolling=y&pos=30&page=140

2018/09/20 16:54:57 [D]  *     Start: http://search.jd.com/Search?keyword=iphone7plus&enc=utf-8&qrst=1&rt=1&stop=1&vt=2&bs=1&s=1&click=0&page=141
2018/09/20 16:54:57 [I]  *     Success: http://search.jd.com/Search?keyword=iphone7plus&enc=utf-8&qrst=1&rt=1&stop=1&vt=2&bs=1&s=1&click=0&page=141

2018/09/20 16:54:57 [D]  *     Start: http://search.jd.com/s_new.php?keyword=iphone7plus&enc=utf-8&qrst=1&rt=1&stop=1&vt=2&bs=1&s=31&scrolling=y&pos=30&page=142
2018/09/20 16:54:58 [I]  *     Success: http://search.jd.com/s_new.php?keyword=iphone7plus&enc=utf-8&qrst=1&rt=1&stop=1&vt=2&bs=1&s=31&scrolling=y&pos=30&page=142

2018/09/20 16:54:58 [D]  *     Start: http://search.jd.com/Search?keyword=iphone7plus&enc=utf-8&qrst=1&rt=1&stop=1&vt=2&bs=1&s=1&click=0&page=143
2018/09/20 16:54:58 [D]  *     Start: http://search.jd.com/s_new.php?keyword=iphone7plus&enc=utf-8&qrst=1&rt=1&stop=1&vt=2&bs=1&s=31&scrolling=y&pos=30&page=144
2018/09/20 16:54:58 [I]  *     Success: http://search.jd.com/Search?keyword=iphone7plus&enc=utf-8&qrst=1&rt=1&stop=1&vt=2&bs=1&s=1&click=0&page=143

2018/09/20 16:54:58 [I]  *     Success: http://search.jd.com/s_new.php?keyword=iphone7plus&enc=utf-8&qrst=1&rt=1&stop=1&vt=2&bs=1&s=31&scrolling=y&pos=30&page=144

2018/09/20 16:54:58 [D]  *     Start: http://search.jd.com/Search?keyword=iphone7plus&enc=utf-8&qrst=1&rt=1&stop=1&vt=2&bs=1&s=1&click=0&page=145
2018/09/20 16:54:59 [I]  *     Success: http://search.jd.com/Search?keyword=iphone7plus&enc=utf-8&qrst=1&rt=1&stop=1&vt=2&bs=1&s=1&click=0&page=145

2018/09/20 16:54:59 [D]  *     Start: http://search.jd.com/s_new.php?keyword=iphone7plus&enc=utf-8&qrst=1&rt=1&stop=1&vt=2&bs=1&s=31&scrolling=y&pos=30&page=146
2018/09/20 16:54:59 [I]  *     Success: http://search.jd.com/s_new.php?keyword=iphone7plus&enc=utf-8&qrst=1&rt=1&stop=1&vt=2&bs=1&s=31&scrolling=y&pos=30&page=146

2018/09/20 16:54:59 [D]  *     Start: http://search.jd.com/Search?keyword=iphone7plus&enc=utf-8&qrst=1&rt=1&stop=1&vt=2&bs=1&s=1&click=0&page=147
2018/09/20 16:55:00 [D]  *     Start: http://search.jd.com/s_new.php?keyword=iphone7plus&enc=utf-8&qrst=1&rt=1&stop=1&vt=2&bs=1&s=31&scrolling=y&pos=30&page=148
2018/09/20 16:55:00 [I]  *     Success: http://search.jd.com/Search?keyword=iphone7plus&enc=utf-8&qrst=1&rt=1&stop=1&vt=2&bs=1&s=1&click=0&page=147

2018/09/20 16:55:00 [D]  *     Start: http://search.jd.com/Search?keyword=iphone7plus&enc=utf-8&qrst=1&rt=1&stop=1&vt=2&bs=1&s=1&click=0&page=149
2018/09/20 16:55:00 [I]  *     Success: http://search.jd.com/s_new.php?keyword=iphone7plus&enc=utf-8&qrst=1&rt=1&stop=1&vt=2&bs=1&s=31&scrolling=y&pos=30&page=148

2018/09/20 16:55:00 [D]  *     Start: http://search.jd.com/s_new.php?keyword=iphone7plus&enc=utf-8&qrst=1&rt=1&stop=1&vt=2&bs=1&s=31&scrolling=y&pos=30&page=150
2018/09/20 16:55:00 [I]  *     Success: http://search.jd.com/Search?keyword=iphone7plus&enc=utf-8&qrst=1&rt=1&stop=1&vt=2&bs=1&s=1&click=0&page=149

2018/09/20 16:55:00 [D]  *     Start: http://search.jd.com/Search?keyword=iphone7plus&enc=utf-8&qrst=1&rt=1&stop=1&vt=2&bs=1&s=1&click=0&page=151
2018/09/20 16:55:01 [I]  *     Success: http://search.jd.com/s_new.php?keyword=iphone7plus&enc=utf-8&qrst=1&rt=1&stop=1&vt=2&bs=1&s=31&scrolling=y&pos=30&page=150

2018/09/20 16:55:01 [D]  *     Start: http://search.jd.com/s_new.php?keyword=iphone7plus&enc=utf-8&qrst=1&rt=1&stop=1&vt=2&bs=1&s=31&scrolling=y&pos=30&page=152
2018/09/20 16:55:01 [I]  *     Success: http://search.jd.com/Search?keyword=iphone7plus&enc=utf-8&qrst=1&rt=1&stop=1&vt=2&bs=1&s=1&click=0&page=151

2018/09/20 16:55:01 [I]  *     Success: http://search.jd.com/s_new.php?keyword=iphone7plus&enc=utf-8&qrst=1&rt=1&stop=1&vt=2&bs=1&s=31&scrolling=y&pos=30&page=152

2018/09/20 16:55:01 [D]  *     Start: http://search.jd.com/Search?keyword=iphone7plus&enc=utf-8&qrst=1&rt=1&stop=1&vt=2&bs=1&s=1&click=0&page=153
2018/09/20 16:55:01 [I]  *     Success: http://search.jd.com/Search?keyword=iphone7plus&enc=utf-8&qrst=1&rt=1&stop=1&vt=2&bs=1&s=1&click=0&page=153

2018/09/20 16:55:02 [D]  *     Start: http://search.jd.com/s_new.php?keyword=iphone7plus&enc=utf-8&qrst=1&rt=1&stop=1&vt=2&bs=1&s=31&scrolling=y&pos=30&page=154
2018/09/20 16:55:02 [D]  *     Start: http://search.jd.com/Search?keyword=iphone7plus&enc=utf-8&qrst=1&rt=1&stop=1&vt=2&bs=1&s=1&click=0&page=155
2018/09/20 16:55:02 [I]  *     Success: http://search.jd.com/Search?keyword=iphone7plus&enc=utf-8&qrst=1&rt=1&stop=1&vt=2&bs=1&s=1&click=0&page=155

2018/09/20 16:55:02 [D]  *     Start: http://search.jd.com/s_new.php?keyword=iphone7plus&enc=utf-8&qrst=1&rt=1&stop=1&vt=2&bs=1&s=31&scrolling=y&pos=30&page=156
2018/09/20 16:55:03 [I]  *     Success: http://search.jd.com/s_new.php?keyword=iphone7plus&enc=utf-8&qrst=1&rt=1&stop=1&vt=2&bs=1&s=31&scrolling=y&pos=30&page=156

2018/09/20 16:55:03 [D]  *     Start: http://search.jd.com/Search?keyword=iphone7plus&enc=utf-8&qrst=1&rt=1&stop=1&vt=2&bs=1&s=1&click=0&page=157
2018/09/20 16:55:03 [D]  *     Start: http://search.jd.com/s_new.php?keyword=iphone7plus&enc=utf-8&qrst=1&rt=1&stop=1&vt=2&bs=1&s=31&scrolling=y&pos=30&page=158
2018/09/20 16:55:03 [I]  *     Success: http://search.jd.com/s_new.php?keyword=iphone7plus&enc=utf-8&qrst=1&rt=1&stop=1&vt=2&bs=1&s=31&scrolling=y&pos=30&page=154

2018/09/20 16:55:03 [I]  *     Success: http://search.jd.com/Search?keyword=iphone7plus&enc=utf-8&qrst=1&rt=1&stop=1&vt=2&bs=1&s=1&click=0&page=157

2018/09/20 16:55:03 [D]  *     Start: http://search.jd.com/Search?keyword=iphone7plus&enc=utf-8&qrst=1&rt=1&stop=1&vt=2&bs=1&s=1&click=0&page=159
2018/09/20 16:55:03 [I]  *     Success: http://search.jd.com/s_new.php?keyword=iphone7plus&enc=utf-8&qrst=1&rt=1&stop=1&vt=2&bs=1&s=31&scrolling=y&pos=30&page=158

2018/09/20 16:55:03 [I]  *     Success: http://search.jd.com/Search?keyword=iphone7plus&enc=utf-8&qrst=1&rt=1&stop=1&vt=2&bs=1&s=1&click=0&page=159

2018/09/20 16:55:04 [D]  *     Start: http://search.jd.com/s_new.php?keyword=iphone7plus&enc=utf-8&qrst=1&rt=1&stop=1&vt=2&bs=1&s=31&scrolling=y&pos=30&page=160
2018/09/20 16:55:04 [I]  *     Success: http://search.jd.com/s_new.php?keyword=iphone7plus&enc=utf-8&qrst=1&rt=1&stop=1&vt=2&bs=1&s=31&scrolling=y&pos=30&page=160

2018/09/20 16:55:04 [D]  *     Start: http://search.jd.com/Search?keyword=iphone7plus&enc=utf-8&qrst=1&rt=1&stop=1&vt=2&bs=1&s=1&click=0&page=161
2018/09/20 16:55:04 [D]  *     Start: http://search.jd.com/s_new.php?keyword=iphone7plus&enc=utf-8&qrst=1&rt=1&stop=1&vt=2&bs=1&s=31&scrolling=y&pos=30&page=162
2018/09/20 16:55:05 [D]  *     Start: http://search.jd.com/Search?keyword=iphone7plus&enc=utf-8&qrst=1&rt=1&stop=1&vt=2&bs=1&s=1&click=0&page=163
2018/09/20 16:55:05 [I]  *     Success: http://search.jd.com/Search?keyword=iphone7plus&enc=utf-8&qrst=1&rt=1&stop=1&vt=2&bs=1&s=1&click=0&page=161

2018/09/20 16:55:05 [I]  *     Success: http://search.jd.com/Search?keyword=iphone7plus&enc=utf-8&qrst=1&rt=1&stop=1&vt=2&bs=1&s=1&click=0&page=163

2018/09/20 16:55:05 [I]  *     Success: http://search.jd.com/s_new.php?keyword=iphone7plus&enc=utf-8&qrst=1&rt=1&stop=1&vt=2&bs=1&s=31&scrolling=y&pos=30&page=162

2018/09/20 16:55:05 [D]  *     Start: http://search.jd.com/s_new.php?keyword=iphone7plus&enc=utf-8&qrst=1&rt=1&stop=1&vt=2&bs=1&s=31&scrolling=y&pos=30&page=164
2018/09/20 16:55:05 [I]  *     Success: http://search.jd.com/s_new.php?keyword=iphone7plus&enc=utf-8&qrst=1&rt=1&stop=1&vt=2&bs=1&s=31&scrolling=y&pos=30&page=164

2018/09/20 16:55:06 [D]  *     Start: http://search.jd.com/Search?keyword=iphone7plus&enc=utf-8&qrst=1&rt=1&stop=1&vt=2&bs=1&s=1&click=0&page=165
2018/09/20 16:55:06 [I]  *     Success: http://search.jd.com/Search?keyword=iphone7plus&enc=utf-8&qrst=1&rt=1&stop=1&vt=2&bs=1&s=1&click=0&page=165

2018/09/20 16:55:06 [D]  *     Start: http://search.jd.com/s_new.php?keyword=iphone7plus&enc=utf-8&qrst=1&rt=1&stop=1&vt=2&bs=1&s=31&scrolling=y&pos=30&page=166
2018/09/20 16:55:06 [D]  *     Start: http://search.jd.com/Search?keyword=iphone7plus&enc=utf-8&qrst=1&rt=1&stop=1&vt=2&bs=1&s=1&click=0&page=167
2018/09/20 16:55:06 [I]  *     Success: http://search.jd.com/s_new.php?keyword=iphone7plus&enc=utf-8&qrst=1&rt=1&stop=1&vt=2&bs=1&s=31&scrolling=y&pos=30&page=166

2018/09/20 16:55:07 [I]  *     Success: http://search.jd.com/Search?keyword=iphone7plus&enc=utf-8&qrst=1&rt=1&stop=1&vt=2&bs=1&s=1&click=0&page=167

2018/09/20 16:55:07 [D]  *     Start: http://search.jd.com/s_new.php?keyword=iphone7plus&enc=utf-8&qrst=1&rt=1&stop=1&vt=2&bs=1&s=31&scrolling=y&pos=30&page=168
2018/09/20 16:55:07 [D]  *     Start: http://search.jd.com/Search?keyword=iphone7plus&enc=utf-8&qrst=1&rt=1&stop=1&vt=2&bs=1&s=1&click=0&page=169
2018/09/20 16:55:07 [I]  *     Success: http://search.jd.com/s_new.php?keyword=iphone7plus&enc=utf-8&qrst=1&rt=1&stop=1&vt=2&bs=1&s=31&scrolling=y&pos=30&page=168

2018/09/20 16:55:07 [D]  *     Start: http://search.jd.com/s_new.php?keyword=iphone7plus&enc=utf-8&qrst=1&rt=1&stop=1&vt=2&bs=1&s=31&scrolling=y&pos=30&page=170
2018/09/20 16:55:07 [I]  *     Success: http://search.jd.com/Search?keyword=iphone7plus&enc=utf-8&qrst=1&rt=1&stop=1&vt=2&bs=1&s=1&click=0&page=169

2018/09/20 16:55:07 [I]  *     Success: http://search.jd.com/s_new.php?keyword=iphone7plus&enc=utf-8&qrst=1&rt=1&stop=1&vt=2&bs=1&s=31&scrolling=y&pos=30&page=170

2018/09/20 16:55:08 [D]  *     Start: http://search.jd.com/Search?keyword=iphone7plus&enc=utf-8&qrst=1&rt=1&stop=1&vt=2&bs=1&s=1&click=0&page=171
2018/09/20 16:55:08 [D]  *     Start: http://search.jd.com/s_new.php?keyword=iphone7plus&enc=utf-8&qrst=1&rt=1&stop=1&vt=2&bs=1&s=31&scrolling=y&pos=30&page=172
2018/09/20 16:55:08 [D]  *     Start: http://search.jd.com/Search?keyword=iphone7plus&enc=utf-8&qrst=1&rt=1&stop=1&vt=2&bs=1&s=1&click=0&page=173
2018/09/20 16:55:08 [I]  *     Success: http://search.jd.com/s_new.php?keyword=iphone7plus&enc=utf-8&qrst=1&rt=1&stop=1&vt=2&bs=1&s=31&scrolling=y&pos=30&page=172

2018/09/20 16:55:08 [I]  *     Success: http://search.jd.com/Search?keyword=iphone7plus&enc=utf-8&qrst=1&rt=1&stop=1&vt=2&bs=1&s=1&click=0&page=171

2018/09/20 16:55:08 [I]  *     Success: http://search.jd.com/Search?keyword=iphone7plus&enc=utf-8&qrst=1&rt=1&stop=1&vt=2&bs=1&s=1&click=0&page=173

2018/09/20 16:55:09 [D]  *     Start: http://search.jd.com/s_new.php?keyword=iphone7plus&enc=utf-8&qrst=1&rt=1&stop=1&vt=2&bs=1&s=31&scrolling=y&pos=30&page=174
2018/09/20 16:55:09 [D]  *     Start: http://search.jd.com/Search?keyword=iphone7plus&enc=utf-8&qrst=1&rt=1&stop=1&vt=2&bs=1&s=1&click=0&page=175
2018/09/20 16:55:09 [I]  *     Success: http://search.jd.com/Search?keyword=iphone7plus&enc=utf-8&qrst=1&rt=1&stop=1&vt=2&bs=1&s=1&click=0&page=175

2018/09/20 16:55:10 [D]  *     Start: http://search.jd.com/s_new.php?keyword=iphone7plus&enc=utf-8&qrst=1&rt=1&stop=1&vt=2&bs=1&s=31&scrolling=y&pos=30&page=176
2018/09/20 16:55:10 [D]  *     Start: http://search.jd.com/Search?keyword=iphone7plus&enc=utf-8&qrst=1&rt=1&stop=1&vt=2&bs=1&s=1&click=0&page=177
2018/09/20 16:55:10 [I]  *     Success: http://search.jd.com/s_new.php?keyword=iphone7plus&enc=utf-8&qrst=1&rt=1&stop=1&vt=2&bs=1&s=31&scrolling=y&pos=30&page=176

2018/09/20 16:55:10 [I]  *     Success: http://search.jd.com/Search?keyword=iphone7plus&enc=utf-8&qrst=1&rt=1&stop=1&vt=2&bs=1&s=1&click=0&page=177

2018/09/20 16:55:10 [D]  *     Start: http://search.jd.com/s_new.php?keyword=iphone7plus&enc=utf-8&qrst=1&rt=1&stop=1&vt=2&bs=1&s=31&scrolling=y&pos=30&page=178
2018/09/20 16:55:10 [I]  *     Success: http://search.jd.com/s_new.php?keyword=iphone7plus&enc=utf-8&qrst=1&rt=1&stop=1&vt=2&bs=1&s=31&scrolling=y&pos=30&page=174

2018/09/20 16:55:10 [I]  *     Success: http://search.jd.com/s_new.php?keyword=iphone7plus&enc=utf-8&qrst=1&rt=1&stop=1&vt=2&bs=1&s=31&scrolling=y&pos=30&page=178

2018/09/20 16:55:10 [D]  *     Start: http://search.jd.com/Search?keyword=iphone7plus&enc=utf-8&qrst=1&rt=1&stop=1&vt=2&bs=1&s=1&click=0&page=179
2018/09/20 16:55:11 [D]  *     Start: http://search.jd.com/s_new.php?keyword=iphone7plus&enc=utf-8&qrst=1&rt=1&stop=1&vt=2&bs=1&s=31&scrolling=y&pos=30&page=180
2018/09/20 16:55:11 [I]  *     Success: http://search.jd.com/Search?keyword=iphone7plus&enc=utf-8&qrst=1&rt=1&stop=1&vt=2&bs=1&s=1&click=0&page=179

2018/09/20 16:55:11 [I]  *     Success: http://search.jd.com/s_new.php?keyword=iphone7plus&enc=utf-8&qrst=1&rt=1&stop=1&vt=2&bs=1&s=31&scrolling=y&pos=30&page=180

2018/09/20 16:55:11 [D]  *     Start: http://search.jd.com/Search?keyword=iphone7plus&enc=utf-8&qrst=1&rt=1&stop=1&vt=2&bs=1&s=1&click=0&page=181
2018/09/20 16:55:11 [I]  *     Success: http://search.jd.com/Search?keyword=iphone7plus&enc=utf-8&qrst=1&rt=1&stop=1&vt=2&bs=1&s=1&click=0&page=181

2018/09/20 16:55:11 [D]  *     Start: http://search.jd.com/s_new.php?keyword=iphone7plus&enc=utf-8&qrst=1&rt=1&stop=1&vt=2&bs=1&s=31&scrolling=y&pos=30&page=182
2018/09/20 16:55:12 [I]  *     Success: http://search.jd.com/s_new.php?keyword=iphone7plus&enc=utf-8&qrst=1&rt=1&stop=1&vt=2&bs=1&s=31&scrolling=y&pos=30&page=182

2018/09/20 16:55:12 [D]  *     Start: http://search.jd.com/Search?keyword=iphone7plus&enc=utf-8&qrst=1&rt=1&stop=1&vt=2&bs=1&s=1&click=0&page=183
2018/09/20 16:55:12 [D]  *     Start: http://search.jd.com/s_new.php?keyword=iphone7plus&enc=utf-8&qrst=1&rt=1&stop=1&vt=2&bs=1&s=31&scrolling=y&pos=30&page=184
2018/09/20 16:55:12 [I]  *     Success: http://search.jd.com/s_new.php?keyword=iphone7plus&enc=utf-8&qrst=1&rt=1&stop=1&vt=2&bs=1&s=31&scrolling=y&pos=30&page=184

2018/09/20 16:55:12 [I]  *     Success: http://search.jd.com/Search?keyword=iphone7plus&enc=utf-8&qrst=1&rt=1&stop=1&vt=2&bs=1&s=1&click=0&page=183

2018/09/20 16:55:13 [D]  *     Start: http://search.jd.com/Search?keyword=iphone7plus&enc=utf-8&qrst=1&rt=1&stop=1&vt=2&bs=1&s=1&click=0&page=185
2018/09/20 16:55:13 [I]  *     Success: http://search.jd.com/Search?keyword=iphone7plus&enc=utf-8&qrst=1&rt=1&stop=1&vt=2&bs=1&s=1&click=0&page=185

2018/09/20 16:55:13 [D]  *     Start: http://search.jd.com/s_new.php?keyword=iphone7plus&enc=utf-8&qrst=1&rt=1&stop=1&vt=2&bs=1&s=31&scrolling=y&pos=30&page=186
2018/09/20 16:55:14 [D]  *     Start: http://search.jd.com/Search?keyword=iphone7plus&enc=utf-8&qrst=1&rt=1&stop=1&vt=2&bs=1&s=1&click=0&page=187
2018/09/20 16:55:14 [I]  *     Success: http://search.jd.com/Search?keyword=iphone7plus&enc=utf-8&qrst=1&rt=1&stop=1&vt=2&bs=1&s=1&click=0&page=187

2018/09/20 16:55:14 [D]  *     Start: http://search.jd.com/s_new.php?keyword=iphone7plus&enc=utf-8&qrst=1&rt=1&stop=1&vt=2&bs=1&s=31&scrolling=y&pos=30&page=188
2018/09/20 16:55:14 [I]  *     Success: http://search.jd.com/s_new.php?keyword=iphone7plus&enc=utf-8&qrst=1&rt=1&stop=1&vt=2&bs=1&s=31&scrolling=y&pos=30&page=186

2018/09/20 16:55:14 [D]  *     Start: http://search.jd.com/Search?keyword=iphone7plus&enc=utf-8&qrst=1&rt=1&stop=1&vt=2&bs=1&s=1&click=0&page=189
2018/09/20 16:55:15 [I]  *     Success: http://search.jd.com/s_new.php?keyword=iphone7plus&enc=utf-8&qrst=1&rt=1&stop=1&vt=2&bs=1&s=31&scrolling=y&pos=30&page=188

2018/09/20 16:55:15 [D]  *     Start: http://search.jd.com/s_new.php?keyword=iphone7plus&enc=utf-8&qrst=1&rt=1&stop=1&vt=2&bs=1&s=31&scrolling=y&pos=30&page=190
2018/09/20 16:55:15 [I]  *     Success: http://search.jd.com/Search?keyword=iphone7plus&enc=utf-8&qrst=1&rt=1&stop=1&vt=2&bs=1&s=1&click=0&page=189

2018/09/20 16:55:15 [D]  *     Start: http://search.jd.com/Search?keyword=iphone7plus&enc=utf-8&qrst=1&rt=1&stop=1&vt=2&bs=1&s=1&click=0&page=191
2018/09/20 16:55:16 [I]  *     Success: http://search.jd.com/s_new.php?keyword=iphone7plus&enc=utf-8&qrst=1&rt=1&stop=1&vt=2&bs=1&s=31&scrolling=y&pos=30&page=190

2018/09/20 16:55:16 [I]  *     Success: http://search.jd.com/Search?keyword=iphone7plus&enc=utf-8&qrst=1&rt=1&stop=1&vt=2&bs=1&s=1&click=0&page=191

2018/09/20 16:55:16 [D]  *     Start: http://search.jd.com/s_new.php?keyword=iphone7plus&enc=utf-8&qrst=1&rt=1&stop=1&vt=2&bs=1&s=31&scrolling=y&pos=30&page=192
2018/09/20 16:55:16 [I]  *     Success: http://search.jd.com/s_new.php?keyword=iphone7plus&enc=utf-8&qrst=1&rt=1&stop=1&vt=2&bs=1&s=31&scrolling=y&pos=30&page=192

2018/09/20 16:55:16 [D]  *     Start: http://search.jd.com/Search?keyword=iphone7plus&enc=utf-8&qrst=1&rt=1&stop=1&vt=2&bs=1&s=1&click=0&page=193
2018/09/20 16:55:17 [I]  *     Success: http://search.jd.com/Search?keyword=iphone7plus&enc=utf-8&qrst=1&rt=1&stop=1&vt=2&bs=1&s=1&click=0&page=193

2018/09/20 16:55:17 [D]  *     Start: http://search.jd.com/s_new.php?keyword=iphone7plus&enc=utf-8&qrst=1&rt=1&stop=1&vt=2&bs=1&s=31&scrolling=y&pos=30&page=194
2018/09/20 16:55:17 [D]  *     Start: http://search.jd.com/Search?keyword=iphone7plus&enc=utf-8&qrst=1&rt=1&stop=1&vt=2&bs=1&s=1&click=0&page=195
2018/09/20 16:55:17 [I]  *     Success: http://search.jd.com/s_new.php?keyword=iphone7plus&enc=utf-8&qrst=1&rt=1&stop=1&vt=2&bs=1&s=31&scrolling=y&pos=30&page=194

2018/09/20 16:55:17 [I]  *     Success: http://search.jd.com/Search?keyword=iphone7plus&enc=utf-8&qrst=1&rt=1&stop=1&vt=2&bs=1&s=1&click=0&page=195

2018/09/20 16:55:17 [D]  *     Start: http://search.jd.com/s_new.php?keyword=iphone7plus&enc=utf-8&qrst=1&rt=1&stop=1&vt=2&bs=1&s=31&scrolling=y&pos=30&page=196
2018/09/20 16:55:18 [I]  *     Success: http://search.jd.com/s_new.php?keyword=iphone7plus&enc=utf-8&qrst=1&rt=1&stop=1&vt=2&bs=1&s=31&scrolling=y&pos=30&page=196

2018/09/20 16:55:18 [D]  *     Start: http://search.jd.com/Search?keyword=iphone7plus&enc=utf-8&qrst=1&rt=1&stop=1&vt=2&bs=1&s=1&click=0&page=197
2018/09/20 16:55:18 [D]  *     Start: http://search.jd.com/s_new.php?keyword=iphone7plus&enc=utf-8&qrst=1&rt=1&stop=1&vt=2&bs=1&s=31&scrolling=y&pos=30&page=198
2018/09/20 16:55:18 [I]  *     Success: http://search.jd.com/Search?keyword=iphone7plus&enc=utf-8&qrst=1&rt=1&stop=1&vt=2&bs=1&s=1&click=0&page=197

2018/09/20 16:55:18 [I]  *     Success: http://search.jd.com/s_new.php?keyword=iphone7plus&enc=utf-8&qrst=1&rt=1&stop=1&vt=2&bs=1&s=31&scrolling=y&pos=30&page=198

2018/09/20 17:01:26 [I]  * 
2018/09/20 17:01:26 [P]  *     [数据输出：京东搜索new | KEYIN：iphone7plus | 批次：1]   数据 5940 条！

2018/09/20 17:01:26 [I]  *     [添加成功记录]: 199 条

2018/09/20 17:01:26 [I]  * 
2018/09/20 17:01:26 [P]  *     [任务小计：京东搜索new | KEYIN：iphone7plus]   共采集数据 5940 条，用时 7m23.346s！

2018/09/20 17:01:26 [I]  * 
2018/09/20 17:01:26 [I]  *********************************************************************************************************************************** 
2018/09/20 17:01:26 [I]  * 
2018/09/20 17:01:26 [P]  *                            —— 本次合计采集【数据 5940 条】， 实爬【成功 199 URL + 失败 0 URL = 合计 199 URL】，耗时【7m23.346s】 ——
2018/09/20 17:01:26 [I]  * 
2018/09/20 17:01:26 [I]  *********************************************************************************************************************************** 
2018/09/20 17:13:26 [I]                                                                                                ！！当前运行模式为：[ 单机 ] 模式！！
2018/09/20 17:13:59 [W] 本批任务无需填写自定义配置！

2018/09/20 17:13:59 [I]  *     不使用代理IP

2018/09/20 17:13:59 [I]  *     执行任务总数(任务数[*自定义配置数])为 1 个

2018/09/20 17:13:59 [I]  *     采集引擎池容量为 1

2018/09/20 17:13:59 [I]  *     并发协程最多 20 个

2018/09/20 17:13:59 [I]  *     默认随机停顿 150~600 毫秒

2018/09/20 17:13:59 [P]  *                                                                                                 —— 开始抓取，请耐心等候 ——
2018/09/20 17:13:59 [I]  *********************************************************************************************************************************** 
2018/09/20 17:13:59 [D]  *     Start: http://list.taobao.com/browse/cat-0.htm
2018/09/20 17:13:59 [I]  *     Success: http://list.taobao.com/browse/cat-0.htm

2018/09/20 17:13:59 [P]  *     [任务小计：淘宝数据 | KEYIN：]   无采集结果，用时 577ms！

2018/09/20 17:13:59 [I]  * 
2018/09/20 17:13:59 [I]  *********************************************************************************************************************************** 
2018/09/20 17:13:59 [I]  * 
2018/09/20 17:13:59 [P]  *                            —— 本次无采集结果，实爬【成功 1 URL + 失败 0 URL = 合计 1 URL】，耗时【577ms】 ——
2018/09/20 17:13:59 [I]  * 
2018/09/20 17:13:59 [I]  *********************************************************************************************************************************** 
2018/09/20 17:14:18 [I]  *     不使用代理IP

2018/09/20 17:14:18 [I]  *     执行任务总数(任务数[*自定义配置数])为 1 个

2018/09/20 17:14:18 [I]  *     采集引擎池容量为 1

2018/09/20 17:14:18 [I]  *     并发协程最多 20 个

2018/09/20 17:14:18 [I]  *     默认随机停顿 150~600 毫秒

2018/09/20 17:14:18 [P]  *                                                                                                 —— 开始抓取，请耐心等候 ——
2018/09/20 17:14:18 [I]  *********************************************************************************************************************************** 
2018/09/20 17:14:18 [D]  *     Start: http://list.taobao.com/browse/cat-0.htm
2018/09/20 17:14:19 [I]  *     Success: http://list.taobao.com/browse/cat-0.htm

2018/09/20 17:14:19 [P]  *     [任务小计：淘宝数据 | KEYIN：]   无采集结果，用时 574ms！

2018/09/20 17:14:19 [I]  * 
2018/09/20 17:14:19 [I]  *********************************************************************************************************************************** 
2018/09/20 17:14:19 [I]  * 
2018/09/20 17:14:19 [P]  *                            —— 本次无采集结果，实爬【成功 1 URL + 失败 0 URL = 合计 1 URL】，耗时【574ms】 ——
2018/09/20 17:14:19 [I]  * 
2018/09/20 17:14:19 [I]  *********************************************************************************************************************************** 
2018/09/20 17:14:28 [I]  *     不使用代理IP

2018/09/20 17:14:28 [I]  *     执行任务总数(任务数[*自定义配置数])为 1 个

2018/09/20 17:14:28 [I]  *     采集引擎池容量为 1

2018/09/20 17:14:28 [I]  *     并发协程最多 20 个

2018/09/20 17:14:28 [I]  *     默认随机停顿 150~600 毫秒

2018/09/20 17:14:28 [P]  *                                                                                                 —— 开始抓取，请耐心等候 ——
2018/09/20 17:14:28 [I]  *********************************************************************************************************************************** 
2018/09/20 17:14:28 [D]  *     Start: http://s.1688.com/selloffer/offer_search.htm?enableAsync=false&earseDirect=false&button_click=top&pageSize=60&n=y&offset=3&uniqfield=pic_tag_id&keyins=iphone8&beginPage=1
2018/09/20 17:14:29 [D]  *     Start: http://s.1688.com/selloffer/offer_search.htm?enableAsync=false&earseDirect=false&button_click=top&pageSize=60&n=y&offset=3&uniqfield=pic_tag_id&keyins=iphone8&beginPage=2
2018/09/20 17:14:29 [I]  *     Success: http://s.1688.com/selloffer/offer_search.htm?enableAsync=false&earseDirect=false&button_click=top&pageSize=60&n=y&offset=3&uniqfield=pic_tag_id&keyins=iphone8&beginPage=1

2018/09/20 17:14:30 [D]  *     Start: http://s.1688.com/selloffer/offer_search.htm?enableAsync=false&earseDirect=false&button_click=top&pageSize=60&n=y&offset=3&uniqfield=pic_tag_id&keyins=iphone8&beginPage=3
2018/09/20 17:14:30 [I]  *     Success: http://s.1688.com/selloffer/offer_search.htm?enableAsync=false&earseDirect=false&button_click=top&pageSize=60&n=y&offset=3&uniqfield=pic_tag_id&keyins=iphone8&beginPage=2

2018/09/20 17:14:31 [I]  *     Success: http://s.1688.com/selloffer/offer_search.htm?enableAsync=false&earseDirect=false&button_click=top&pageSize=60&n=y&offset=3&uniqfield=pic_tag_id&keyins=iphone8&beginPage=3

2018/09/20 17:14:41 [I]  * 
2018/09/20 17:14:41 [P]  *     [数据输出：阿里巴巴产品搜索 | KEYIN：iphone8 | 批次：1]   数据 180 条！

2018/09/20 17:14:41 [I]  *     [添加成功记录]: 3 条

2018/09/20 17:14:41 [I]  * 
2018/09/20 17:14:41 [P]  *     [任务小计：阿里巴巴产品搜索 | KEYIN：iphone8]   共采集数据 180 条，用时 13.567s！

2018/09/20 17:14:41 [I]  * 
2018/09/20 17:14:41 [I]  *********************************************************************************************************************************** 
2018/09/20 17:14:41 [I]  * 
2018/09/20 17:14:41 [P]  *                            —— 本次合计采集【数据 180 条】， 实爬【成功 3 URL + 失败 0 URL = 合计 3 URL】，耗时【13.567s】 ——
2018/09/20 17:14:41 [I]  * 
2018/09/20 17:14:41 [I]  *********************************************************************************************************************************** 
